<?xml version="1.0" encoding="UTF-8"?>
<testsuite xmlns:xsi="http://www.w3.org/2001/XMLSchema-instance" xsi:noNamespaceSchemaLocation="https://maven.apache.org/surefire/maven-surefire-plugin/xsd/surefire-test-report-3.0.xsd" version="3.0" name="com.autoinsurance.stress.StressAndReliabilityTest" time="36.619" tests="6" errors="0" skipped="0" failures="0">
  <properties>
[...]
</properties>
  <testcase name="should_HandleDatabaseConnectionPoolStress" classname="com.autoinsurance.stress.StressAndReliabilityTest" time="0.055">
    <system-out><![CDATA[2025-08-14 22:47:46 - Could not detect default configuration classes for test class [com.autoinsurance.stress.StressAndReliabilityTest]: StressAndReliabilityTest does not declare any static, non-private, non-final, nested classes annotated with @Configuration.
2025-08-14 22:47:46 - Found @SpringBootConfiguration com.autoinsurance.AutoInsuranceApiApplication for test class com.autoinsurance.stress.StressAndReliabilityTest

  .   ____          _            __ _ _
 /\\ / ___'_ __ _ _(_)_ __  __ _ \ \ \ \
( ( )\___ | '_ | '_| | '_ \/ _` | \ \ \ \
 \\/  ___)| |_)| | | | | || (_| |  ) ) ) )
  '  |____| .__|_| |_|_| |_\__, | / / / /
 =========|_|==============|___/=/_/_/_/
&amp#27;[32m :: Spring Boot :: &amp#27;[39m              &amp#27;[2m (v3.2.0)&amp#27;[0;39m

2025-08-14 22:47:46 - 

Found multiple occurrences of org.json.JSONObject on the class path:

	jar:file:/Users/mvvkiran/.m2/repository/com/vaadin/external/google/android-json/0.0.20131108.vaadin1/android-json-0.0.20131108.vaadin1.jar!/org/json/JSONObject.class
	jar:file:/Users/mvvkiran/.m2/repository/org/json/json/20230227/json-20230227.jar!/org/json/JSONObject.class

You may wish to exclude one of them to ensure predictable runtime behavior

2025-08-14 22:47:46 - Refreshing org.springframework.web.context.support.GenericWebApplicationContext@33b02d5d
2025-08-14 22:47:46 - Bootstrapping Spring Data JPA repositories in DEFAULT mode.
2025-08-14 22:47:46 - Finished Spring Data repository scanning in 3 ms. Found 1 JPA repository interface.
2025-08-14 22:47:46 - HHH000204: Processing PersistenceUnitInfo [name: default]
2025-08-14 22:47:46 - HHH000026: Second-level cache disabled
2025-08-14 22:47:46 - No LoadTimeWeaver setup: ignoring JPA class transformer
2025-08-14 22:47:46 - HikariPool-10 - Starting...
2025-08-14 22:47:46 - HikariPool-10 - Added connection conn117: url=jdbc:h2:mem:testdb_stress user=SA
2025-08-14 22:47:46 - HikariPool-10 - Start completed.
2025-08-14 22:47:46 - HHH90000025: H2Dialect does not need to be specified explicitly using 'hibernate.dialect' (remove the property setting and it will be selected by default)
2025-08-14 22:47:46 - HHH000489: No JTA platform available (set 'hibernate.transaction.jta.platform' to enable JTA platform integration)
2025-08-14 22:47:46 - 
    drop table if exists quote_discounts cascade 
2025-08-14 22:47:46 - 
    drop table if exists quotes cascade 
2025-08-14 22:47:46 - 
    create table quote_discounts (
        discount_description varchar(255),
        quote_id varchar(255) not null
    )
2025-08-14 22:47:46 - 
    create table quotes (
        coverage_amount numeric(38,2) not null,
        deductible numeric(38,2) not null,
        monthly_premium numeric(38,2) not null,
        premium numeric(38,2) not null,
        valid_until date not null,
        vehicle_current_value numeric(38,2) not null,
        vehicle_year integer not null,
        created_at timestamp(6) not null,
        id varchar(255) not null,
        primary_driver_license varchar(255) not null,
        primary_driver_name varchar(255) not null,
        vehicle_make varchar(255) not null,
        vehicle_model varchar(255) not null,
        vehicle_vin varchar(255) not null,
        primary key (id)
    )
2025-08-14 22:47:46 - 
    alter table if exists quote_discounts 
       add constraint FK1h7jxtsqsdn673awsiyn0jarm 
       foreign key (quote_id) 
       references quotes
2025-08-14 22:47:46 - Initialized JPA EntityManagerFactory for persistence unit 'default'
2025-08-14 22:47:46 - Exposing 3 endpoint(s) beneath base path '/actuator'
2025-08-14 22:47:46 - spring.jpa.open-in-view is enabled by default. Therefore, database queries may be performed during view rendering. Explicitly configure spring.jpa.open-in-view to disable this warning
2025-08-14 22:47:46 - 

Using generated security password: 03b6a9b3-9506-4eeb-9fcf-d4a89b287163

This generated password is for development use only. Your security configuration must be updated before running your application in production.

2025-08-14 22:47:46 - 11 mappings in 'requestMappingHandlerMapping'
2025-08-14 22:47:46 - Patterns [/webjars/**, /**, /swagger-ui*/*swagger-initializer.js, /swagger-ui*/**] in 'resourceHandlerMapping'
2025-08-14 22:47:46 - Will secure any request with [org.springframework.security.web.session.DisableEncodeUrlFilter@49cfb519, org.springframework.security.web.context.request.async.WebAsyncManagerIntegrationFilter@6d6537bc, org.springframework.security.web.context.SecurityContextHolderFilter@4a20f62f, org.springframework.security.web.header.HeaderWriterFilter@2e823ab3, org.springframework.web.filter.CorsFilter@6ef8597, org.springframework.security.web.authentication.logout.LogoutFilter@6d3cf4f, org.springframework.security.web.savedrequest.RequestCacheAwareFilter@3af44ef7, org.springframework.security.web.servletapi.SecurityContextHolderAwareRequestFilter@4ffed476, org.springframework.security.web.authentication.AnonymousAuthenticationFilter@5baacb08, org.springframework.security.web.access.ExceptionTranslationFilter@252a9847, org.springframework.security.web.access.intercept.AuthorizationFilter@58e68cd1]
2025-08-14 22:47:46 - ControllerAdvice beans: 0 @ModelAttribute, 0 @InitBinder, 1 RequestBodyAdvice, 1 ResponseBodyAdvice
2025-08-14 22:47:46 - ControllerAdvice beans: 2 @ExceptionHandler, 1 ResponseBodyAdvice
2025-08-14 22:47:46 - H2 console available at '/h2-console'. Database available at 'jdbc:h2:mem:testdb_stress'
2025-08-14 22:47:46 - Filter 'webMvcObservationFilter' configured for use
2025-08-14 22:47:46 - Initializing Spring TestDispatcherServlet ''
2025-08-14 22:47:46 - Initializing Servlet ''
2025-08-14 22:47:46 - Completed initialization in 0 ms
2025-08-14 22:47:46 - Securing POST /api/v1/quotes
2025-08-14 22:47:46 - Securing POST /api/v1/quotes
2025-08-14 22:47:46 - Securing POST /api/v1/quotes
2025-08-14 22:47:46 - Securing POST /api/v1/quotes
2025-08-14 22:47:46 - Securing POST /api/v1/quotes
2025-08-14 22:47:46 - Securing POST /api/v1/quotes
2025-08-14 22:47:46 - Securing POST /api/v1/quotes
2025-08-14 22:47:46 - Securing POST /api/v1/quotes
2025-08-14 22:47:46 - Securing POST /api/v1/quotes
2025-08-14 22:47:46 - Cache miss for REQUEST dispatch to '/api/v1/quotes' (previous null). Performing CorsConfiguration lookup. This is logged once only at WARN level, and every time at TRACE.
2025-08-14 22:47:46 - Securing POST /api/v1/quotes
2025-08-14 22:47:46 - Securing POST /api/v1/quotes
2025-08-14 22:47:46 - Securing POST /api/v1/quotes
2025-08-14 22:47:46 - Securing POST /api/v1/quotes
2025-08-14 22:47:46 - Secured POST /api/v1/quotes
2025-08-14 22:47:46 - Mapped to com.autoinsurance.quote.controller.QuoteController#createQuote(QuoteRequestDto)
2025-08-14 22:47:46 - Secured POST /api/v1/quotes
2025-08-14 22:47:46 - Secured POST /api/v1/quotes
2025-08-14 22:47:46 - Secured POST /api/v1/quotes
2025-08-14 22:47:46 - Mapped to com.autoinsurance.quote.controller.QuoteController#createQuote(QuoteRequestDto)
2025-08-14 22:47:46 - Securing POST /api/v1/quotes
2025-08-14 22:47:46 - Secured POST /api/v1/quotes
2025-08-14 22:47:46 - Mapped to com.autoinsurance.quote.controller.QuoteController#createQuote(QuoteRequestDto)
2025-08-14 22:47:46 - Secured POST /api/v1/quotes
2025-08-14 22:47:46 - Secured POST /api/v1/quotes
2025-08-14 22:47:46 - Secured POST /api/v1/quotes
2025-08-14 22:47:46 - Mapped to com.autoinsurance.quote.controller.QuoteController#createQuote(QuoteRequestDto)
2025-08-14 22:47:46 - Mapped to com.autoinsurance.quote.controller.QuoteController#createQuote(QuoteRequestDto)
2025-08-14 22:47:46 - Secured POST /api/v1/quotes
2025-08-14 22:47:46 - Securing POST /api/v1/quotes
2025-08-14 22:47:46 - Secured POST /api/v1/quotes
2025-08-14 22:47:46 - Mapped to com.autoinsurance.quote.controller.QuoteController#createQuote(QuoteRequestDto)
2025-08-14 22:47:46 - Mapped to com.autoinsurance.quote.controller.QuoteController#createQuote(QuoteRequestDto)
2025-08-14 22:47:46 - Secured POST /api/v1/quotes
2025-08-14 22:47:46 - Secured POST /api/v1/quotes
2025-08-14 22:47:46 - Securing POST /api/v1/quotes
2025-08-14 22:47:46 - Mapped to com.autoinsurance.quote.controller.QuoteController#createQuote(QuoteRequestDto)
2025-08-14 22:47:46 - Mapped to com.autoinsurance.quote.controller.QuoteController#createQuote(QuoteRequestDto)
2025-08-14 22:47:46 - Mapped to com.autoinsurance.quote.controller.QuoteController#createQuote(QuoteRequestDto)
2025-08-14 22:47:46 - Securing POST /api/v1/quotes
2025-08-14 22:47:46 - Secured POST /api/v1/quotes
2025-08-14 22:47:46 - Secured POST /api/v1/quotes
2025-08-14 22:47:46 - Mapped to com.autoinsurance.quote.controller.QuoteController#createQuote(QuoteRequestDto)
2025-08-14 22:47:46 - Mapped to com.autoinsurance.quote.controller.QuoteController#createQuote(QuoteRequestDto)
2025-08-14 22:47:46 - Secured POST /api/v1/quotes
2025-08-14 22:47:46 - Mapped to com.autoinsurance.quote.controller.QuoteController#createQuote(QuoteRequestDto)
2025-08-14 22:47:46 - Securing POST /api/v1/quotes
2025-08-14 22:47:46 - Secured POST /api/v1/quotes
2025-08-14 22:47:46 - Secured POST /api/v1/quotes
2025-08-14 22:47:46 - Mapped to com.autoinsurance.quote.controller.QuoteController#createQuote(QuoteRequestDto)
2025-08-14 22:47:46 - Mapped to com.autoinsurance.quote.controller.QuoteController#createQuote(QuoteRequestDto)
2025-08-14 22:47:46 - Mapped to com.autoinsurance.quote.controller.QuoteController#createQuote(QuoteRequestDto)
2025-08-14 22:47:46 - Securing POST /api/v1/quotes
2025-08-14 22:47:46 - Secured POST /api/v1/quotes
2025-08-14 22:47:46 - Secured POST /api/v1/quotes
2025-08-14 22:47:46 - Mapped to com.autoinsurance.quote.controller.QuoteController#createQuote(QuoteRequestDto)
2025-08-14 22:47:46 - Securing POST /api/v1/quotes
2025-08-14 22:47:46 - Mapped to com.autoinsurance.quote.controller.QuoteController#createQuote(QuoteRequestDto)
2025-08-14 22:47:46 - Mapped to com.autoinsurance.quote.controller.QuoteController#createQuote(QuoteRequestDto)
2025-08-14 22:47:46 - Securing POST /api/v1/quotes
2025-08-14 22:47:46 - Secured POST /api/v1/quotes
2025-08-14 22:47:46 - Mapped to com.autoinsurance.quote.controller.QuoteController#createQuote(QuoteRequestDto)
2025-08-14 22:47:46 - Securing POST /api/v1/quotes
2025-08-14 22:47:46 - Secured POST /api/v1/quotes
2025-08-14 22:47:46 - Mapped to com.autoinsurance.quote.controller.QuoteController#createQuote(QuoteRequestDto)
2025-08-14 22:47:46 - Securing POST /api/v1/quotes
2025-08-14 22:47:46 - Securing POST /api/v1/quotes
2025-08-14 22:47:46 - Securing POST /api/v1/quotes
2025-08-14 22:47:46 - Secured POST /api/v1/quotes
2025-08-14 22:47:46 - Secured POST /api/v1/quotes
2025-08-14 22:47:46 - Secured POST /api/v1/quotes
2025-08-14 22:47:46 - Mapped to com.autoinsurance.quote.controller.QuoteController#createQuote(QuoteRequestDto)
2025-08-14 22:47:46 - Mapped to com.autoinsurance.quote.controller.QuoteController#createQuote(QuoteRequestDto)
2025-08-14 22:47:46 - Mapped to com.autoinsurance.quote.controller.QuoteController#createQuote(QuoteRequestDto)
2025-08-14 22:47:46 - Secured POST /api/v1/quotes
2025-08-14 22:47:46 - Mapped to com.autoinsurance.quote.controller.QuoteController#createQuote(QuoteRequestDto)
2025-08-14 22:47:46 - Read "application/json;charset=UTF-8" to [com.autoinsurance.quote.dto.QuoteRequestDto@2a76c416]
2025-08-14 22:47:46 - Read "application/json;charset=UTF-8" to [com.autoinsurance.quote.dto.QuoteRequestDto@61caf9b7]
2025-08-14 22:47:46 - Read "application/json;charset=UTF-8" to [com.autoinsurance.quote.dto.QuoteRequestDto@15321321]
2025-08-14 22:47:46 - Read "application/json;charset=UTF-8" to [com.autoinsurance.quote.dto.QuoteRequestDto@60caab9c]
2025-08-14 22:47:46 - Read "application/json;charset=UTF-8" to [com.autoinsurance.quote.dto.QuoteRequestDto@239cc979]
2025-08-14 22:47:46 - Read "application/json;charset=UTF-8" to [com.autoinsurance.quote.dto.QuoteRequestDto@60dbc94a]
2025-08-14 22:47:46 - Read "application/json;charset=UTF-8" to [com.autoinsurance.quote.dto.QuoteRequestDto@3d3e80df]
2025-08-14 22:47:46 - Read "application/json;charset=UTF-8" to [com.autoinsurance.quote.dto.QuoteRequestDto@49e5d428]
2025-08-14 22:47:46 - Read "application/json;charset=UTF-8" to [com.autoinsurance.quote.dto.QuoteRequestDto@5e29101f]
2025-08-14 22:47:46 - Read "application/json;charset=UTF-8" to [com.autoinsurance.quote.dto.QuoteRequestDto@fddda17]
2025-08-14 22:47:46 - Read "application/json;charset=UTF-8" to [com.autoinsurance.quote.dto.QuoteRequestDto@45fb8d99]
2025-08-14 22:47:46 - Read "application/json;charset=UTF-8" to [com.autoinsurance.quote.dto.QuoteRequestDto@3af707a6]
2025-08-14 22:47:46 - Read "application/json;charset=UTF-8" to [com.autoinsurance.quote.dto.QuoteRequestDto@6685697d]
2025-08-14 22:47:46 - Read "application/json;charset=UTF-8" to [com.autoinsurance.quote.dto.QuoteRequestDto@2faf9315]
2025-08-14 22:47:46 - Read "application/json;charset=UTF-8" to [com.autoinsurance.quote.dto.QuoteRequestDto@6e198689]
2025-08-14 22:47:46 - Read "application/json;charset=UTF-8" to [com.autoinsurance.quote.dto.QuoteRequestDto@3ee6dd86]
2025-08-14 22:47:46 - Read "application/json;charset=UTF-8" to [com.autoinsurance.quote.dto.QuoteRequestDto@72d2bc7f]
2025-08-14 22:47:46 - Read "application/json;charset=UTF-8" to [com.autoinsurance.quote.dto.QuoteRequestDto@1cc43506]
2025-08-14 22:47:46 - Read "application/json;charset=UTF-8" to [com.autoinsurance.quote.dto.QuoteRequestDto@130b3da9]
2025-08-14 22:47:46 - Read "application/json;charset=UTF-8" to [com.autoinsurance.quote.dto.QuoteRequestDto@b552549]
2025-08-14 22:47:46 - Read "application/json;charset=UTF-8" to [com.autoinsurance.quote.dto.QuoteRequestDto@4bc86037]
2025-08-14 22:47:46 - Read "application/json;charset=UTF-8" to [com.autoinsurance.quote.dto.QuoteRequestDto@5c2c2e17]
2025-08-14 22:47:46 - Read "application/json;charset=UTF-8" to [com.autoinsurance.quote.dto.QuoteRequestDto@19f1d9d6]
2025-08-14 22:47:46 - Read "application/json;charset=UTF-8" to [com.autoinsurance.quote.dto.QuoteRequestDto@5ec770e1]
2025-08-14 22:47:46 - Read "application/json;charset=UTF-8" to [com.autoinsurance.quote.dto.QuoteRequestDto@64571345]
2025-08-14 22:47:46 - 
    select
        q1_0.id,
        q1_0.coverage_amount,
        q1_0.created_at,
        q1_0.deductible,
        q1_0.monthly_premium,
        q1_0.premium,
        q1_0.primary_driver_license,
        q1_0.primary_driver_name,
        q1_0.valid_until,
        q1_0.vehicle_current_value,
        q1_0.vehicle_make,
        q1_0.vehicle_model,
        q1_0.vehicle_vin,
        q1_0.vehicle_year 
    from
        quotes q1_0 
    where
        q1_0.id=?
2025-08-14 22:47:46 - 
    select
        q1_0.id,
        q1_0.coverage_amount,
        q1_0.created_at,
        q1_0.deductible,
        q1_0.monthly_premium,
        q1_0.premium,
        q1_0.primary_driver_license,
        q1_0.primary_driver_name,
        q1_0.valid_until,
        q1_0.vehicle_current_value,
        q1_0.vehicle_make,
        q1_0.vehicle_model,
        q1_0.vehicle_vin,
        q1_0.vehicle_year 
    from
        quotes q1_0 
    where
        q1_0.id=?
2025-08-14 22:47:46 - 
    select
        q1_0.id,
        q1_0.coverage_amount,
        q1_0.created_at,
        q1_0.deductible,
        q1_0.monthly_premium,
        q1_0.premium,
        q1_0.primary_driver_license,
        q1_0.primary_driver_name,
        q1_0.valid_until,
        q1_0.vehicle_current_value,
        q1_0.vehicle_make,
        q1_0.vehicle_model,
        q1_0.vehicle_vin,
        q1_0.vehicle_year 
    from
        quotes q1_0 
    where
        q1_0.id=?
2025-08-14 22:47:46 - 
    select
        q1_0.id,
        q1_0.coverage_amount,
        q1_0.created_at,
        q1_0.deductible,
        q1_0.monthly_premium,
        q1_0.premium,
        q1_0.primary_driver_license,
        q1_0.primary_driver_name,
        q1_0.valid_until,
        q1_0.vehicle_current_value,
        q1_0.vehicle_make,
        q1_0.vehicle_model,
        q1_0.vehicle_vin,
        q1_0.vehicle_year 
    from
        quotes q1_0 
    where
        q1_0.id=?
2025-08-14 22:47:46 - 
    insert 
    into
        quotes
        (coverage_amount, created_at, deductible, monthly_premium, premium, primary_driver_license, primary_driver_name, valid_until, vehicle_current_value, vehicle_make, vehicle_model, vehicle_vin, vehicle_year, id) 
    values
        (?, ?, ?, ?, ?, ?, ?, ?, ?, ?, ?, ?, ?, ?)
2025-08-14 22:47:46 - 
    insert 
    into
        quotes
        (coverage_amount, created_at, deductible, monthly_premium, premium, primary_driver_license, primary_driver_name, valid_until, vehicle_current_value, vehicle_make, vehicle_model, vehicle_vin, vehicle_year, id) 
    values
        (?, ?, ?, ?, ?, ?, ?, ?, ?, ?, ?, ?, ?, ?)
2025-08-14 22:47:46 - 
    select
        q1_0.id,
        q1_0.coverage_amount,
        q1_0.created_at,
        q1_0.deductible,
        q1_0.monthly_premium,
        q1_0.premium,
        q1_0.primary_driver_license,
        q1_0.primary_driver_name,
        q1_0.valid_until,
        q1_0.vehicle_current_value,
        q1_0.vehicle_make,
        q1_0.vehicle_model,
        q1_0.vehicle_vin,
        q1_0.vehicle_year 
    from
        quotes q1_0 
    where
        q1_0.id=?
2025-08-14 22:47:46 - 
    insert 
    into
        quotes
        (coverage_amount, created_at, deductible, monthly_premium, premium, primary_driver_license, primary_driver_name, valid_until, vehicle_current_value, vehicle_make, vehicle_model, vehicle_vin, vehicle_year, id) 
    values
        (?, ?, ?, ?, ?, ?, ?, ?, ?, ?, ?, ?, ?, ?)
2025-08-14 22:47:46 - 
    insert 
    into
        quotes
        (coverage_amount, created_at, deductible, monthly_premium, premium, primary_driver_license, primary_driver_name, valid_until, vehicle_current_value, vehicle_make, vehicle_model, vehicle_vin, vehicle_year, id) 
    values
        (?, ?, ?, ?, ?, ?, ?, ?, ?, ?, ?, ?, ?, ?)
2025-08-14 22:47:46 - Using 'application/json', given [*/*] and supported [application/json]
2025-08-14 22:47:46 - 
    select
        q1_0.id,
        q1_0.coverage_amount,
        q1_0.created_at,
        q1_0.deductible,
        q1_0.monthly_premium,
        q1_0.premium,
        q1_0.primary_driver_license,
        q1_0.primary_driver_name,
        q1_0.valid_until,
        q1_0.vehicle_current_value,
        q1_0.vehicle_make,
        q1_0.vehicle_model,
        q1_0.vehicle_vin,
        q1_0.vehicle_year 
    from
        quotes q1_0 
    where
        q1_0.id=?
2025-08-14 22:47:46 - Using 'application/json', given [*/*] and supported [application/json]
2025-08-14 22:47:46 - Using 'application/json', given [*/*] and supported [application/json]
2025-08-14 22:47:46 - Using 'application/json', given [*/*] and supported [application/json]
2025-08-14 22:47:46 - Writing [com.autoinsurance.quote.dto.QuoteResponseDto@34395ea3]
2025-08-14 22:47:46 - Writing [com.autoinsurance.quote.dto.QuoteResponseDto@14a7b8a0]
2025-08-14 22:47:46 - Writing [com.autoinsurance.quote.dto.QuoteResponseDto@702cf351]
2025-08-14 22:47:46 - 
    insert 
    into
        quotes
        (coverage_amount, created_at, deductible, monthly_premium, premium, primary_driver_license, primary_driver_name, valid_until, vehicle_current_value, vehicle_make, vehicle_model, vehicle_vin, vehicle_year, id) 
    values
        (?, ?, ?, ?, ?, ?, ?, ?, ?, ?, ?, ?, ?, ?)
2025-08-14 22:47:46 - Writing [com.autoinsurance.quote.dto.QuoteResponseDto@6dad337]
2025-08-14 22:47:46 - Set SecurityContextHolder to anonymous SecurityContext
2025-08-14 22:47:46 - Using 'application/json', given [*/*] and supported [application/json]
2025-08-14 22:47:46 - Writing [com.autoinsurance.quote.dto.QuoteResponseDto@1e336e98]
2025-08-14 22:47:46 - Set SecurityContextHolder to anonymous SecurityContext
2025-08-14 22:47:46 - 
    select
        q1_0.id,
        q1_0.coverage_amount,
        q1_0.created_at,
        q1_0.deductible,
        q1_0.monthly_premium,
        q1_0.premium,
        q1_0.primary_driver_license,
        q1_0.primary_driver_name,
        q1_0.valid_until,
        q1_0.vehicle_current_value,
        q1_0.vehicle_make,
        q1_0.vehicle_model,
        q1_0.vehicle_vin,
        q1_0.vehicle_year 
    from
        quotes q1_0 
    where
        q1_0.id=?
2025-08-14 22:47:46 - Securing GET /api/v1/quotes/93493670-a43a-4f03-bee5-e40c48fd67b5
2025-08-14 22:47:46 - Secured GET /api/v1/quotes/93493670-a43a-4f03-bee5-e40c48fd67b5
2025-08-14 22:47:46 - Securing GET /api/v1/quotes/cbf26f5e-ef09-4faf-8518-15416838b78e
2025-08-14 22:47:46 - Mapped to com.autoinsurance.quote.controller.QuoteController#getQuote(String)
2025-08-14 22:47:46 - 
    insert 
    into
        quotes
        (coverage_amount, created_at, deductible, monthly_premium, premium, primary_driver_license, primary_driver_name, valid_until, vehicle_current_value, vehicle_make, vehicle_model, vehicle_vin, vehicle_year, id) 
    values
        (?, ?, ?, ?, ?, ?, ?, ?, ?, ?, ?, ?, ?, ?)
2025-08-14 22:47:46 - Using 'application/json', given [*/*] and supported [application/json]
2025-08-14 22:47:46 - Writing [com.autoinsurance.quote.dto.QuoteResponseDto@62caab7e]
2025-08-14 22:47:46 - Secured GET /api/v1/quotes/cbf26f5e-ef09-4faf-8518-15416838b78e
2025-08-14 22:47:46 - 
    select
        q1_0.id,
        q1_0.coverage_amount,
        q1_0.created_at,
        q1_0.deductible,
        q1_0.monthly_premium,
        q1_0.premium,
        q1_0.primary_driver_license,
        q1_0.primary_driver_name,
        q1_0.valid_until,
        q1_0.vehicle_current_value,
        q1_0.vehicle_make,
        q1_0.vehicle_model,
        q1_0.vehicle_vin,
        q1_0.vehicle_year 
    from
        quotes q1_0 
    where
        q1_0.id=?
2025-08-14 22:47:46 - Mapped to com.autoinsurance.quote.controller.QuoteController#getQuote(String)
2025-08-14 22:47:46 - Set SecurityContextHolder to anonymous SecurityContext
2025-08-14 22:47:46 - 
    insert 
    into
        quotes
        (coverage_amount, created_at, deductible, monthly_premium, premium, primary_driver_license, primary_driver_name, valid_until, vehicle_current_value, vehicle_make, vehicle_model, vehicle_vin, vehicle_year, id) 
    values
        (?, ?, ?, ?, ?, ?, ?, ?, ?, ?, ?, ?, ?, ?)
2025-08-14 22:47:46 - 
    select
        q1_0.id,
        q1_0.coverage_amount,
        q1_0.created_at,
        q1_0.deductible,
        q1_0.monthly_premium,
        q1_0.premium,
        q1_0.primary_driver_license,
        q1_0.primary_driver_name,
        q1_0.valid_until,
        q1_0.vehicle_current_value,
        q1_0.vehicle_make,
        q1_0.vehicle_model,
        q1_0.vehicle_vin,
        q1_0.vehicle_year 
    from
        quotes q1_0 
    where
        q1_0.id=?
2025-08-14 22:47:46 - Set SecurityContextHolder to anonymous SecurityContext
2025-08-14 22:47:46 - 
    insert 
    into
        quotes
        (coverage_amount, created_at, deductible, monthly_premium, premium, primary_driver_license, primary_driver_name, valid_until, vehicle_current_value, vehicle_make, vehicle_model, vehicle_vin, vehicle_year, id) 
    values
        (?, ?, ?, ?, ?, ?, ?, ?, ?, ?, ?, ?, ?, ?)
2025-08-14 22:47:46 - Using 'application/json', given [*/*] and supported [application/json]
2025-08-14 22:47:46 - Writing [com.autoinsurance.quote.dto.QuoteResponseDto@ced9158]
2025-08-14 22:47:46 - Using 'application/json', given [*/*] and supported [application/json]
2025-08-14 22:47:46 - Securing GET /api/v1/quotes/662294fa-45a2-49bb-95f1-4f564fb8564a
2025-08-14 22:47:46 - Writing [com.autoinsurance.quote.dto.QuoteResponseDto@2c894544]
2025-08-14 22:47:46 - Set SecurityContextHolder to anonymous SecurityContext
2025-08-14 22:47:46 - Set SecurityContextHolder to anonymous SecurityContext
2025-08-14 22:47:46 - Using 'application/json', given [application/json] and supported [application/json]
2025-08-14 22:47:46 - Secured GET /api/v1/quotes/662294fa-45a2-49bb-95f1-4f564fb8564a
2025-08-14 22:47:46 - Writing [com.autoinsurance.quote.dto.QuoteResponseDto@7b91a763]
2025-08-14 22:47:46 - Mapped to com.autoinsurance.quote.controller.QuoteController#getQuote(String)
2025-08-14 22:47:46 - Securing GET /api/v1/quotes/b1abb03b-f625-4959-a078-48e3bec08922
2025-08-14 22:47:46 - Securing GET /api/v1/quotes/a77e2ef6-b1f1-402e-8b6c-879df3e42eba
2025-08-14 22:47:46 - Securing GET /api/v1/quotes/cbe4e02d-8b60-45e9-82f1-8bb5a70789d7
2025-08-14 22:47:46 - 
    select
        q1_0.id,
        q1_0.coverage_amount,
        q1_0.created_at,
        q1_0.deductible,
        q1_0.monthly_premium,
        q1_0.premium,
        q1_0.primary_driver_license,
        q1_0.primary_driver_name,
        q1_0.valid_until,
        q1_0.vehicle_current_value,
        q1_0.vehicle_make,
        q1_0.vehicle_model,
        q1_0.vehicle_vin,
        q1_0.vehicle_year 
    from
        quotes q1_0 
    where
        q1_0.id=?
2025-08-14 22:47:46 - Secured GET /api/v1/quotes/b1abb03b-f625-4959-a078-48e3bec08922
2025-08-14 22:47:46 - Secured GET /api/v1/quotes/a77e2ef6-b1f1-402e-8b6c-879df3e42eba
2025-08-14 22:47:46 - Mapped to com.autoinsurance.quote.controller.QuoteController#getQuote(String)
2025-08-14 22:47:46 - Mapped to com.autoinsurance.quote.controller.QuoteController#getQuote(String)
2025-08-14 22:47:46 - 
    select
        q1_0.id,
        q1_0.coverage_amount,
        q1_0.created_at,
        q1_0.deductible,
        q1_0.monthly_premium,
        q1_0.premium,
        q1_0.primary_driver_license,
        q1_0.primary_driver_name,
        q1_0.valid_until,
        q1_0.vehicle_current_value,
        q1_0.vehicle_make,
        q1_0.vehicle_model,
        q1_0.vehicle_vin,
        q1_0.vehicle_year 
    from
        quotes q1_0 
    where
        q1_0.id=?
2025-08-14 22:47:46 - Using 'application/json', given [application/json] and supported [application/json]
2025-08-14 22:47:46 - 
    select
        q1_0.id,
        q1_0.coverage_amount,
        q1_0.created_at,
        q1_0.deductible,
        q1_0.monthly_premium,
        q1_0.premium,
        q1_0.primary_driver_license,
        q1_0.primary_driver_name,
        q1_0.valid_until,
        q1_0.vehicle_current_value,
        q1_0.vehicle_make,
        q1_0.vehicle_model,
        q1_0.vehicle_vin,
        q1_0.vehicle_year 
    from
        quotes q1_0 
    where
        q1_0.id=?
2025-08-14 22:47:46 - Writing [com.autoinsurance.quote.dto.QuoteResponseDto@110e2baa]
2025-08-14 22:47:46 - Secured GET /api/v1/quotes/cbe4e02d-8b60-45e9-82f1-8bb5a70789d7
2025-08-14 22:47:46 - 
    insert 
    into
        quotes
        (coverage_amount, created_at, deductible, monthly_premium, premium, primary_driver_license, primary_driver_name, valid_until, vehicle_current_value, vehicle_make, vehicle_model, vehicle_vin, vehicle_year, id) 
    values
        (?, ?, ?, ?, ?, ?, ?, ?, ?, ?, ?, ?, ?, ?)
2025-08-14 22:47:46 - Mapped to com.autoinsurance.quote.controller.QuoteController#getQuote(String)
2025-08-14 22:47:46 - Set SecurityContextHolder to anonymous SecurityContext
2025-08-14 22:47:46 - Using 'application/json', given [application/json] and supported [application/json]
2025-08-14 22:47:46 - Writing [com.autoinsurance.quote.dto.QuoteResponseDto@1fa62ba1]
2025-08-14 22:47:46 - 
    select
        da1_0.quote_id,
        da1_0.discount_description 
    from
        quote_discounts da1_0 
    where
        da1_0.quote_id=?
2025-08-14 22:47:46 - 
    select
        da1_0.quote_id,
        da1_0.discount_description 
    from
        quote_discounts da1_0 
    where
        da1_0.quote_id=?
2025-08-14 22:47:46 - Using 'application/json', given [*/*] and supported [application/json]
2025-08-14 22:47:46 - Writing [com.autoinsurance.quote.dto.QuoteResponseDto@5fb662c]
2025-08-14 22:47:46 - Set SecurityContextHolder to anonymous SecurityContext
2025-08-14 22:47:46 - Set SecurityContextHolder to anonymous SecurityContext
2025-08-14 22:47:46 - Set SecurityContextHolder to anonymous SecurityContext
2025-08-14 22:47:46 - 
    select
        q1_0.id,
        q1_0.coverage_amount,
        q1_0.created_at,
        q1_0.deductible,
        q1_0.monthly_premium,
        q1_0.premium,
        q1_0.primary_driver_license,
        q1_0.primary_driver_name,
        q1_0.valid_until,
        q1_0.vehicle_current_value,
        q1_0.vehicle_make,
        q1_0.vehicle_model,
        q1_0.vehicle_vin,
        q1_0.vehicle_year 
    from
        quotes q1_0 
    where
        q1_0.id=?
2025-08-14 22:47:46 - Securing GET /api/v1/quotes/64939054-4ddb-494e-a435-10f328bff1c9
2025-08-14 22:47:46 - Securing GET /api/v1/quotes/26d60b65-acf1-4a5c-9761-bf8f1aeb4164
2025-08-14 22:47:46 - Secured GET /api/v1/quotes/64939054-4ddb-494e-a435-10f328bff1c9
2025-08-14 22:47:46 - Mapped to com.autoinsurance.quote.controller.QuoteController#getQuote(String)
2025-08-14 22:47:46 - 
    select
        q1_0.id,
        q1_0.coverage_amount,
        q1_0.created_at,
        q1_0.deductible,
        q1_0.monthly_premium,
        q1_0.premium,
        q1_0.primary_driver_license,
        q1_0.primary_driver_name,
        q1_0.valid_until,
        q1_0.vehicle_current_value,
        q1_0.vehicle_make,
        q1_0.vehicle_model,
        q1_0.vehicle_vin,
        q1_0.vehicle_year 
    from
        quotes q1_0 
    where
        q1_0.id=?
2025-08-14 22:47:46 - 
    select
        q1_0.id,
        q1_0.coverage_amount,
        q1_0.created_at,
        q1_0.deductible,
        q1_0.monthly_premium,
        q1_0.premium,
        q1_0.primary_driver_license,
        q1_0.primary_driver_name,
        q1_0.valid_until,
        q1_0.vehicle_current_value,
        q1_0.vehicle_make,
        q1_0.vehicle_model,
        q1_0.vehicle_vin,
        q1_0.vehicle_year 
    from
        quotes q1_0 
    where
        q1_0.id=?
2025-08-14 22:47:46 - 
    select
        q1_0.id,
        q1_0.coverage_amount,
        q1_0.created_at,
        q1_0.deductible,
        q1_0.monthly_premium,
        q1_0.premium,
        q1_0.primary_driver_license,
        q1_0.primary_driver_name,
        q1_0.valid_until,
        q1_0.vehicle_current_value,
        q1_0.vehicle_make,
        q1_0.vehicle_model,
        q1_0.vehicle_vin,
        q1_0.vehicle_year 
    from
        quotes q1_0 
    where
        q1_0.id=?
2025-08-14 22:47:46 - Set SecurityContextHolder to anonymous SecurityContext
2025-08-14 22:47:46 - Secured GET /api/v1/quotes/26d60b65-acf1-4a5c-9761-bf8f1aeb4164
2025-08-14 22:47:46 - 
    select
        q1_0.id,
        q1_0.coverage_amount,
        q1_0.created_at,
        q1_0.deductible,
        q1_0.monthly_premium,
        q1_0.premium,
        q1_0.primary_driver_license,
        q1_0.primary_driver_name,
        q1_0.valid_until,
        q1_0.vehicle_current_value,
        q1_0.vehicle_make,
        q1_0.vehicle_model,
        q1_0.vehicle_vin,
        q1_0.vehicle_year 
    from
        quotes q1_0 
    where
        q1_0.id=?
2025-08-14 22:47:46 - Using 'application/json', given [application/json] and supported [application/json]
2025-08-14 22:47:46 - Mapped to com.autoinsurance.quote.controller.QuoteController#getQuote(String)
2025-08-14 22:47:46 - Writing [com.autoinsurance.quote.dto.QuoteResponseDto@19fa2909]
2025-08-14 22:47:46 - 
    insert 
    into
        quotes
        (coverage_amount, created_at, deductible, monthly_premium, premium, primary_driver_license, primary_driver_name, valid_until, vehicle_current_value, vehicle_make, vehicle_model, vehicle_vin, vehicle_year, id) 
    values
        (?, ?, ?, ?, ?, ?, ?, ?, ?, ?, ?, ?, ?, ?)
2025-08-14 22:47:46 - 
    select
        da1_0.quote_id,
        da1_0.discount_description 
    from
        quote_discounts da1_0 
    where
        da1_0.quote_id=?
2025-08-14 22:47:46 - Securing GET /api/v1/quotes/c06eb353-b3f0-4b59-84d3-c7d4c05eb4cc
2025-08-14 22:47:46 - Using 'application/json', given [*/*] and supported [application/json]
2025-08-14 22:47:46 - Writing [com.autoinsurance.quote.dto.QuoteResponseDto@39895734]
2025-08-14 22:47:46 - Set SecurityContextHolder to anonymous SecurityContext
2025-08-14 22:47:46 - 
    insert 
    into
        quotes
        (coverage_amount, created_at, deductible, monthly_premium, premium, primary_driver_license, primary_driver_name, valid_until, vehicle_current_value, vehicle_make, vehicle_model, vehicle_vin, vehicle_year, id) 
    values
        (?, ?, ?, ?, ?, ?, ?, ?, ?, ?, ?, ?, ?, ?)
2025-08-14 22:47:46 - 
    insert 
    into
        quotes
        (coverage_amount, created_at, deductible, monthly_premium, premium, primary_driver_license, primary_driver_name, valid_until, vehicle_current_value, vehicle_make, vehicle_model, vehicle_vin, vehicle_year, id) 
    values
        (?, ?, ?, ?, ?, ?, ?, ?, ?, ?, ?, ?, ?, ?)
2025-08-14 22:47:46 - 
    insert 
    into
        quotes
        (coverage_amount, created_at, deductible, monthly_premium, premium, primary_driver_license, primary_driver_name, valid_until, vehicle_current_value, vehicle_make, vehicle_model, vehicle_vin, vehicle_year, id) 
    values
        (?, ?, ?, ?, ?, ?, ?, ?, ?, ?, ?, ?, ?, ?)
2025-08-14 22:47:46 - 
    select
        da1_0.quote_id,
        da1_0.discount_description 
    from
        quote_discounts da1_0 
    where
        da1_0.quote_id=?
2025-08-14 22:47:46 - Set SecurityContextHolder to anonymous SecurityContext
2025-08-14 22:47:46 - 
    select
        q1_0.id,
        q1_0.coverage_amount,
        q1_0.created_at,
        q1_0.deductible,
        q1_0.monthly_premium,
        q1_0.premium,
        q1_0.primary_driver_license,
        q1_0.primary_driver_name,
        q1_0.valid_until,
        q1_0.vehicle_current_value,
        q1_0.vehicle_make,
        q1_0.vehicle_model,
        q1_0.vehicle_vin,
        q1_0.vehicle_year 
    from
        quotes q1_0 
    where
        q1_0.id=?
2025-08-14 22:47:46 - Securing GET /api/v1/quotes/0e30ecc6-600b-494b-8f2a-13f076f24920
2025-08-14 22:47:46 - Secured GET /api/v1/quotes/c06eb353-b3f0-4b59-84d3-c7d4c05eb4cc
2025-08-14 22:47:46 - Set SecurityContextHolder to anonymous SecurityContext
2025-08-14 22:47:46 - Secured GET /api/v1/quotes/0e30ecc6-600b-494b-8f2a-13f076f24920
2025-08-14 22:47:46 - Mapped to com.autoinsurance.quote.controller.QuoteController#getQuote(String)
2025-08-14 22:47:46 - Using 'application/json', given [application/json] and supported [application/json]
2025-08-14 22:47:46 - Using 'application/json', given [*/*] and supported [application/json]
2025-08-14 22:47:46 - Using 'application/json', given [*/*] and supported [application/json]
2025-08-14 22:47:46 - Writing [com.autoinsurance.quote.dto.QuoteResponseDto@5f8ee94d]
2025-08-14 22:47:46 - Mapped to com.autoinsurance.quote.controller.QuoteController#getQuote(String)
2025-08-14 22:47:46 - 
    select
        q1_0.id,
        q1_0.coverage_amount,
        q1_0.created_at,
        q1_0.deductible,
        q1_0.monthly_premium,
        q1_0.premium,
        q1_0.primary_driver_license,
        q1_0.primary_driver_name,
        q1_0.valid_until,
        q1_0.vehicle_current_value,
        q1_0.vehicle_make,
        q1_0.vehicle_model,
        q1_0.vehicle_vin,
        q1_0.vehicle_year 
    from
        quotes q1_0 
    where
        q1_0.id=?
2025-08-14 22:47:46 - Writing [com.autoinsurance.quote.dto.QuoteResponseDto@c64fae3]
2025-08-14 22:47:46 - Writing [com.autoinsurance.quote.dto.QuoteResponseDto@176b589d]
2025-08-14 22:47:46 - 
    select
        da1_0.quote_id,
        da1_0.discount_description 
    from
        quote_discounts da1_0 
    where
        da1_0.quote_id=?
2025-08-14 22:47:46 - Using 'application/json', given [*/*] and supported [application/json]
2025-08-14 22:47:46 - Writing [com.autoinsurance.quote.dto.QuoteResponseDto@13505ff8]
2025-08-14 22:47:46 - Set SecurityContextHolder to anonymous SecurityContext
2025-08-14 22:47:46 - Set SecurityContextHolder to anonymous SecurityContext
2025-08-14 22:47:46 - Set SecurityContextHolder to anonymous SecurityContext
2025-08-14 22:47:46 - Set SecurityContextHolder to anonymous SecurityContext
2025-08-14 22:47:46 - 
    select
        q1_0.id,
        q1_0.coverage_amount,
        q1_0.created_at,
        q1_0.deductible,
        q1_0.monthly_premium,
        q1_0.premium,
        q1_0.primary_driver_license,
        q1_0.primary_driver_name,
        q1_0.valid_until,
        q1_0.vehicle_current_value,
        q1_0.vehicle_make,
        q1_0.vehicle_model,
        q1_0.vehicle_vin,
        q1_0.vehicle_year 
    from
        quotes q1_0 
    where
        q1_0.id=?
2025-08-14 22:47:46 - Securing GET /api/v1/quotes/8048d43b-5088-48ac-af0b-5e786e08fad3
2025-08-14 22:47:46 - 
    select
        q1_0.id,
        q1_0.coverage_amount,
        q1_0.created_at,
        q1_0.deductible,
        q1_0.monthly_premium,
        q1_0.premium,
        q1_0.primary_driver_license,
        q1_0.primary_driver_name,
        q1_0.valid_until,
        q1_0.vehicle_current_value,
        q1_0.vehicle_make,
        q1_0.vehicle_model,
        q1_0.vehicle_vin,
        q1_0.vehicle_year 
    from
        quotes q1_0 
    where
        q1_0.id=?
2025-08-14 22:47:46 - 
    select
        q1_0.id,
        q1_0.coverage_amount,
        q1_0.created_at,
        q1_0.deductible,
        q1_0.monthly_premium,
        q1_0.premium,
        q1_0.primary_driver_license,
        q1_0.primary_driver_name,
        q1_0.valid_until,
        q1_0.vehicle_current_value,
        q1_0.vehicle_make,
        q1_0.vehicle_model,
        q1_0.vehicle_vin,
        q1_0.vehicle_year 
    from
        quotes q1_0 
    where
        q1_0.id=?
2025-08-14 22:47:46 - 
    select
        q1_0.id,
        q1_0.coverage_amount,
        q1_0.created_at,
        q1_0.deductible,
        q1_0.monthly_premium,
        q1_0.premium,
        q1_0.primary_driver_license,
        q1_0.primary_driver_name,
        q1_0.valid_until,
        q1_0.vehicle_current_value,
        q1_0.vehicle_make,
        q1_0.vehicle_model,
        q1_0.vehicle_vin,
        q1_0.vehicle_year 
    from
        quotes q1_0 
    where
        q1_0.id=?
2025-08-14 22:47:46 - Secured GET /api/v1/quotes/8048d43b-5088-48ac-af0b-5e786e08fad3
2025-08-14 22:47:46 - 
    select
        q1_0.id,
        q1_0.coverage_amount,
        q1_0.created_at,
        q1_0.deductible,
        q1_0.monthly_premium,
        q1_0.premium,
        q1_0.primary_driver_license,
        q1_0.primary_driver_name,
        q1_0.valid_until,
        q1_0.vehicle_current_value,
        q1_0.vehicle_make,
        q1_0.vehicle_model,
        q1_0.vehicle_vin,
        q1_0.vehicle_year 
    from
        quotes q1_0 
    where
        q1_0.id=?
2025-08-14 22:47:46 - Mapped to com.autoinsurance.quote.controller.QuoteController#getQuote(String)
2025-08-14 22:47:46 - 
    insert 
    into
        quotes
        (coverage_amount, created_at, deductible, monthly_premium, premium, primary_driver_license, primary_driver_name, valid_until, vehicle_current_value, vehicle_make, vehicle_model, vehicle_vin, vehicle_year, id) 
    values
        (?, ?, ?, ?, ?, ?, ?, ?, ?, ?, ?, ?, ?, ?)
2025-08-14 22:47:46 - 
    insert 
    into
        quotes
        (coverage_amount, created_at, deductible, monthly_premium, premium, primary_driver_license, primary_driver_name, valid_until, vehicle_current_value, vehicle_make, vehicle_model, vehicle_vin, vehicle_year, id) 
    values
        (?, ?, ?, ?, ?, ?, ?, ?, ?, ?, ?, ?, ?, ?)
2025-08-14 22:47:46 - 
    insert 
    into
        quotes
        (coverage_amount, created_at, deductible, monthly_premium, premium, primary_driver_license, primary_driver_name, valid_until, vehicle_current_value, vehicle_make, vehicle_model, vehicle_vin, vehicle_year, id) 
    values
        (?, ?, ?, ?, ?, ?, ?, ?, ?, ?, ?, ?, ?, ?)
2025-08-14 22:47:46 - 
    insert 
    into
        quotes
        (coverage_amount, created_at, deductible, monthly_premium, premium, primary_driver_license, primary_driver_name, valid_until, vehicle_current_value, vehicle_make, vehicle_model, vehicle_vin, vehicle_year, id) 
    values
        (?, ?, ?, ?, ?, ?, ?, ?, ?, ?, ?, ?, ?, ?)
2025-08-14 22:47:46 - Securing GET /api/v1/quotes/ca20ed24-938d-4605-9c72-c93512e67f6e
2025-08-14 22:47:46 - Securing GET /api/v1/quotes/d7bfc844-1267-4afc-a1b6-e5f0342f1e7c
2025-08-14 22:47:46 - Secured GET /api/v1/quotes/ca20ed24-938d-4605-9c72-c93512e67f6e
2025-08-14 22:47:46 - Using 'application/json', given [*/*] and supported [application/json]
2025-08-14 22:47:46 - Writing [com.autoinsurance.quote.dto.QuoteResponseDto@45d2d58c]
2025-08-14 22:47:46 - Mapped to com.autoinsurance.quote.controller.QuoteController#getQuote(String)
2025-08-14 22:47:46 - Using 'application/json', given [*/*] and supported [application/json]
2025-08-14 22:47:46 - Using 'application/json', given [application/json] and supported [application/json]
2025-08-14 22:47:46 - Using 'application/json', given [application/json] and supported [application/json]
2025-08-14 22:47:46 - Writing [com.autoinsurance.quote.dto.QuoteResponseDto@1754510c]
2025-08-14 22:47:46 - Set SecurityContextHolder to anonymous SecurityContext
2025-08-14 22:47:46 - Writing [com.autoinsurance.quote.dto.QuoteResponseDto@573becfe]
2025-08-14 22:47:46 - Writing [com.autoinsurance.quote.dto.QuoteResponseDto@605728d9]
2025-08-14 22:47:46 - 
    select
        q1_0.id,
        q1_0.coverage_amount,
        q1_0.created_at,
        q1_0.deductible,
        q1_0.monthly_premium,
        q1_0.premium,
        q1_0.primary_driver_license,
        q1_0.primary_driver_name,
        q1_0.valid_until,
        q1_0.vehicle_current_value,
        q1_0.vehicle_make,
        q1_0.vehicle_model,
        q1_0.vehicle_vin,
        q1_0.vehicle_year 
    from
        quotes q1_0 
    where
        q1_0.id=?
2025-08-14 22:47:46 - Using 'application/json', given [*/*] and supported [application/json]
2025-08-14 22:47:46 - Using 'application/json', given [*/*] and supported [application/json]
2025-08-14 22:47:46 - Writing [com.autoinsurance.quote.dto.QuoteResponseDto@45e53196]
2025-08-14 22:47:46 - Writing [com.autoinsurance.quote.dto.QuoteResponseDto@76288c3f]
2025-08-14 22:47:46 - Secured GET /api/v1/quotes/d7bfc844-1267-4afc-a1b6-e5f0342f1e7c
2025-08-14 22:47:46 - Securing GET /api/v1/quotes/728ca4aa-3270-49cc-b8be-c1eab2594a13
2025-08-14 22:47:46 - 
    select
        da1_0.quote_id,
        da1_0.discount_description 
    from
        quote_discounts da1_0 
    where
        da1_0.quote_id=?
2025-08-14 22:47:46 - 
    select
        da1_0.quote_id,
        da1_0.discount_description 
    from
        quote_discounts da1_0 
    where
        da1_0.quote_id=?
2025-08-14 22:47:46 - Set SecurityContextHolder to anonymous SecurityContext
2025-08-14 22:47:46 - Mapped to com.autoinsurance.quote.controller.QuoteController#getQuote(String)
2025-08-14 22:47:46 - Set SecurityContextHolder to anonymous SecurityContext
2025-08-14 22:47:46 - Secured GET /api/v1/quotes/728ca4aa-3270-49cc-b8be-c1eab2594a13
2025-08-14 22:47:46 - Using 'application/json', given [application/json] and supported [application/json]
2025-08-14 22:47:46 - Writing [com.autoinsurance.quote.dto.QuoteResponseDto@43dd4d1e]
2025-08-14 22:47:46 - Mapped to com.autoinsurance.quote.controller.QuoteController#getQuote(String)
2025-08-14 22:47:46 - Set SecurityContextHolder to anonymous SecurityContext
2025-08-14 22:47:46 - Set SecurityContextHolder to anonymous SecurityContext
2025-08-14 22:47:46 - 
    select
        da1_0.quote_id,
        da1_0.discount_description 
    from
        quote_discounts da1_0 
    where
        da1_0.quote_id=?
2025-08-14 22:47:46 - 
    select
        q1_0.id,
        q1_0.coverage_amount,
        q1_0.created_at,
        q1_0.deductible,
        q1_0.monthly_premium,
        q1_0.premium,
        q1_0.primary_driver_license,
        q1_0.primary_driver_name,
        q1_0.valid_until,
        q1_0.vehicle_current_value,
        q1_0.vehicle_make,
        q1_0.vehicle_model,
        q1_0.vehicle_vin,
        q1_0.vehicle_year 
    from
        quotes q1_0 
    where
        q1_0.id=?
2025-08-14 22:47:46 - Set SecurityContextHolder to anonymous SecurityContext
2025-08-14 22:47:46 - 
    select
        q1_0.id,
        q1_0.coverage_amount,
        q1_0.created_at,
        q1_0.deductible,
        q1_0.monthly_premium,
        q1_0.premium,
        q1_0.primary_driver_license,
        q1_0.primary_driver_name,
        q1_0.valid_until,
        q1_0.vehicle_current_value,
        q1_0.vehicle_make,
        q1_0.vehicle_model,
        q1_0.vehicle_vin,
        q1_0.vehicle_year 
    from
        quotes q1_0 
    where
        q1_0.id=?
2025-08-14 22:47:46 - Set SecurityContextHolder to anonymous SecurityContext
2025-08-14 22:47:46 - 
    select
        q1_0.id,
        q1_0.coverage_amount,
        q1_0.created_at,
        q1_0.deductible,
        q1_0.monthly_premium,
        q1_0.premium,
        q1_0.primary_driver_license,
        q1_0.primary_driver_name,
        q1_0.valid_until,
        q1_0.vehicle_current_value,
        q1_0.vehicle_make,
        q1_0.vehicle_model,
        q1_0.vehicle_vin,
        q1_0.vehicle_year 
    from
        quotes q1_0 
    where
        q1_0.id=?
2025-08-14 22:47:46 - Securing GET /api/v1/quotes/ff1d941a-f03e-4230-a1c4-aa194d974dbd
2025-08-14 22:47:46 - Using 'application/json', given [application/json] and supported [application/json]
2025-08-14 22:47:46 - Securing GET /api/v1/quotes/8ef3bfc9-2a16-41e5-abcd-a735c00b3e23
2025-08-14 22:47:46 - Writing [com.autoinsurance.quote.dto.QuoteResponseDto@2d3bdb7e]
2025-08-14 22:47:46 - 
    select
        da1_0.quote_id,
        da1_0.discount_description 
    from
        quote_discounts da1_0 
    where
        da1_0.quote_id=?
2025-08-14 22:47:46 - 
    insert 
    into
        quotes
        (coverage_amount, created_at, deductible, monthly_premium, premium, primary_driver_license, primary_driver_name, valid_until, vehicle_current_value, vehicle_make, vehicle_model, vehicle_vin, vehicle_year, id) 
    values
        (?, ?, ?, ?, ?, ?, ?, ?, ?, ?, ?, ?, ?, ?)
2025-08-14 22:47:46 - Set SecurityContextHolder to anonymous SecurityContext
2025-08-14 22:47:46 - Securing GET /api/v1/quotes/10911ad5-09cd-4632-afa6-7b39acc013d3
2025-08-14 22:47:46 - 
    select
        q1_0.id,
        q1_0.coverage_amount,
        q1_0.created_at,
        q1_0.deductible,
        q1_0.monthly_premium,
        q1_0.premium,
        q1_0.primary_driver_license,
        q1_0.primary_driver_name,
        q1_0.valid_until,
        q1_0.vehicle_current_value,
        q1_0.vehicle_make,
        q1_0.vehicle_model,
        q1_0.vehicle_vin,
        q1_0.vehicle_year 
    from
        quotes q1_0 
    where
        q1_0.id=?
2025-08-14 22:47:46 - 
    select
        q1_0.id,
        q1_0.coverage_amount,
        q1_0.created_at,
        q1_0.deductible,
        q1_0.monthly_premium,
        q1_0.premium,
        q1_0.primary_driver_license,
        q1_0.primary_driver_name,
        q1_0.valid_until,
        q1_0.vehicle_current_value,
        q1_0.vehicle_make,
        q1_0.vehicle_model,
        q1_0.vehicle_vin,
        q1_0.vehicle_year 
    from
        quotes q1_0 
    where
        q1_0.id=?
2025-08-14 22:47:46 - Secured GET /api/v1/quotes/8ef3bfc9-2a16-41e5-abcd-a735c00b3e23
2025-08-14 22:47:46 - Using 'application/json', given [*/*] and supported [application/json]
2025-08-14 22:47:46 - Secured GET /api/v1/quotes/ff1d941a-f03e-4230-a1c4-aa194d974dbd
2025-08-14 22:47:46 - Writing [com.autoinsurance.quote.dto.QuoteResponseDto@48e5a5fc]
2025-08-14 22:47:46 - 
    select
        q1_0.id,
        q1_0.coverage_amount,
        q1_0.created_at,
        q1_0.deductible,
        q1_0.monthly_premium,
        q1_0.premium,
        q1_0.primary_driver_license,
        q1_0.primary_driver_name,
        q1_0.valid_until,
        q1_0.vehicle_current_value,
        q1_0.vehicle_make,
        q1_0.vehicle_model,
        q1_0.vehicle_vin,
        q1_0.vehicle_year 
    from
        quotes q1_0 
    where
        q1_0.id=?
2025-08-14 22:47:46 - Mapped to com.autoinsurance.quote.controller.QuoteController#getQuote(String)
2025-08-14 22:47:46 - Set SecurityContextHolder to anonymous SecurityContext
2025-08-14 22:47:46 - Secured GET /api/v1/quotes/10911ad5-09cd-4632-afa6-7b39acc013d3
2025-08-14 22:47:46 - Mapped to com.autoinsurance.quote.controller.QuoteController#getQuote(String)
2025-08-14 22:47:46 - Mapped to com.autoinsurance.quote.controller.QuoteController#getQuote(String)
2025-08-14 22:47:46 - Using 'application/json', given [application/json] and supported [application/json]
2025-08-14 22:47:46 - Writing [com.autoinsurance.quote.dto.QuoteResponseDto@775ea975]
2025-08-14 22:47:46 - 
    insert 
    into
        quotes
        (coverage_amount, created_at, deductible, monthly_premium, premium, primary_driver_license, primary_driver_name, valid_until, vehicle_current_value, vehicle_make, vehicle_model, vehicle_vin, vehicle_year, id) 
    values
        (?, ?, ?, ?, ?, ?, ?, ?, ?, ?, ?, ?, ?, ?)
2025-08-14 22:47:46 - Securing GET /api/v1/quotes/3e9a5890-ab43-4b56-823a-522bccc33f1a
2025-08-14 22:47:46 - Secured GET /api/v1/quotes/3e9a5890-ab43-4b56-823a-522bccc33f1a
2025-08-14 22:47:46 - Using 'application/json', given [*/*] and supported [application/json]
2025-08-14 22:47:46 - Writing [com.autoinsurance.quote.dto.QuoteResponseDto@28db104]
2025-08-14 22:47:46 - 
    insert 
    into
        quotes
        (coverage_amount, created_at, deductible, monthly_premium, premium, primary_driver_license, primary_driver_name, valid_until, vehicle_current_value, vehicle_make, vehicle_model, vehicle_vin, vehicle_year, id) 
    values
        (?, ?, ?, ?, ?, ?, ?, ?, ?, ?, ?, ?, ?, ?)
2025-08-14 22:47:46 - Mapped to com.autoinsurance.quote.controller.QuoteController#getQuote(String)
2025-08-14 22:47:46 - 
    insert 
    into
        quotes
        (coverage_amount, created_at, deductible, monthly_premium, premium, primary_driver_license, primary_driver_name, valid_until, vehicle_current_value, vehicle_make, vehicle_model, vehicle_vin, vehicle_year, id) 
    values
        (?, ?, ?, ?, ?, ?, ?, ?, ?, ?, ?, ?, ?, ?)
2025-08-14 22:47:46 - Set SecurityContextHolder to anonymous SecurityContext
2025-08-14 22:47:46 - 
    select
        q1_0.id,
        q1_0.coverage_amount,
        q1_0.created_at,
        q1_0.deductible,
        q1_0.monthly_premium,
        q1_0.premium,
        q1_0.primary_driver_license,
        q1_0.primary_driver_name,
        q1_0.valid_until,
        q1_0.vehicle_current_value,
        q1_0.vehicle_make,
        q1_0.vehicle_model,
        q1_0.vehicle_vin,
        q1_0.vehicle_year 
    from
        quotes q1_0 
    where
        q1_0.id=?
2025-08-14 22:47:46 - 
    select
        q1_0.id,
        q1_0.coverage_amount,
        q1_0.created_at,
        q1_0.deductible,
        q1_0.monthly_premium,
        q1_0.premium,
        q1_0.primary_driver_license,
        q1_0.primary_driver_name,
        q1_0.valid_until,
        q1_0.vehicle_current_value,
        q1_0.vehicle_make,
        q1_0.vehicle_model,
        q1_0.vehicle_vin,
        q1_0.vehicle_year 
    from
        quotes q1_0 
    where
        q1_0.id=?
2025-08-14 22:47:46 - 
    select
        q1_0.id,
        q1_0.coverage_amount,
        q1_0.created_at,
        q1_0.deductible,
        q1_0.monthly_premium,
        q1_0.premium,
        q1_0.primary_driver_license,
        q1_0.primary_driver_name,
        q1_0.valid_until,
        q1_0.vehicle_current_value,
        q1_0.vehicle_make,
        q1_0.vehicle_model,
        q1_0.vehicle_vin,
        q1_0.vehicle_year 
    from
        quotes q1_0 
    where
        q1_0.id=?
2025-08-14 22:47:46 - Securing GET /api/v1/quotes/6ca36072-45b9-4dc0-b6c5-7ce549e91618
2025-08-14 22:47:46 - Secured GET /api/v1/quotes/6ca36072-45b9-4dc0-b6c5-7ce549e91618
2025-08-14 22:47:46 - Mapped to com.autoinsurance.quote.controller.QuoteController#getQuote(String)
2025-08-14 22:47:46 - 
    select
        q1_0.id,
        q1_0.coverage_amount,
        q1_0.created_at,
        q1_0.deductible,
        q1_0.monthly_premium,
        q1_0.premium,
        q1_0.primary_driver_license,
        q1_0.primary_driver_name,
        q1_0.valid_until,
        q1_0.vehicle_current_value,
        q1_0.vehicle_make,
        q1_0.vehicle_model,
        q1_0.vehicle_vin,
        q1_0.vehicle_year 
    from
        quotes q1_0 
    where
        q1_0.id=?
2025-08-14 22:47:46 - Using 'application/json', given [application/json] and supported [application/json]
2025-08-14 22:47:46 - Writing [com.autoinsurance.quote.dto.QuoteResponseDto@15abb236]
2025-08-14 22:47:46 - Using 'application/json', given [*/*] and supported [application/json]
2025-08-14 22:47:46 - 
    select
        da1_0.quote_id,
        da1_0.discount_description 
    from
        quote_discounts da1_0 
    where
        da1_0.quote_id=?
2025-08-14 22:47:46 - Using 'application/json', given [*/*] and supported [application/json]
2025-08-14 22:47:46 - 
    select
        da1_0.quote_id,
        da1_0.discount_description 
    from
        quote_discounts da1_0 
    where
        da1_0.quote_id=?
2025-08-14 22:47:46 - Writing [com.autoinsurance.quote.dto.QuoteResponseDto@790e6365]
2025-08-14 22:47:46 - Writing [com.autoinsurance.quote.dto.QuoteResponseDto@5b363f47]
2025-08-14 22:47:46 - Set SecurityContextHolder to anonymous SecurityContext
2025-08-14 22:47:46 - Set SecurityContextHolder to anonymous SecurityContext
2025-08-14 22:47:46 - Using 'application/json', given [application/json] and supported [application/json]
2025-08-14 22:47:46 - Writing [com.autoinsurance.quote.dto.QuoteResponseDto@38714532]
2025-08-14 22:47:46 - Set SecurityContextHolder to anonymous SecurityContext
2025-08-14 22:47:46 - Set SecurityContextHolder to anonymous SecurityContext
2025-08-14 22:47:46 - 
    select
        q1_0.id,
        q1_0.coverage_amount,
        q1_0.created_at,
        q1_0.deductible,
        q1_0.monthly_premium,
        q1_0.premium,
        q1_0.primary_driver_license,
        q1_0.primary_driver_name,
        q1_0.valid_until,
        q1_0.vehicle_current_value,
        q1_0.vehicle_make,
        q1_0.vehicle_model,
        q1_0.vehicle_vin,
        q1_0.vehicle_year 
    from
        quotes q1_0 
    where
        q1_0.id=?
2025-08-14 22:47:46 - 
    select
        da1_0.quote_id,
        da1_0.discount_description 
    from
        quote_discounts da1_0 
    where
        da1_0.quote_id=?
2025-08-14 22:47:46 - Using 'application/json', given [application/json] and supported [application/json]
2025-08-14 22:47:46 - Writing [com.autoinsurance.quote.dto.QuoteResponseDto@1ebc2b67]
2025-08-14 22:47:46 - Securing GET /api/v1/quotes/ee3aa293-0a8f-4c0e-b89b-d6ebec7364a7
2025-08-14 22:47:46 - 
    select
        q1_0.id,
        q1_0.coverage_amount,
        q1_0.created_at,
        q1_0.deductible,
        q1_0.monthly_premium,
        q1_0.premium,
        q1_0.primary_driver_license,
        q1_0.primary_driver_name,
        q1_0.valid_until,
        q1_0.vehicle_current_value,
        q1_0.vehicle_make,
        q1_0.vehicle_model,
        q1_0.vehicle_vin,
        q1_0.vehicle_year 
    from
        quotes q1_0 
    where
        q1_0.id=?
2025-08-14 22:47:46 - Secured GET /api/v1/quotes/ee3aa293-0a8f-4c0e-b89b-d6ebec7364a7
2025-08-14 22:47:46 - 
    select
        da1_0.quote_id,
        da1_0.discount_description 
    from
        quote_discounts da1_0 
    where
        da1_0.quote_id=?
2025-08-14 22:47:46 - Mapped to com.autoinsurance.quote.controller.QuoteController#getQuote(String)
2025-08-14 22:47:46 - Using 'application/json', given [application/json] and supported [application/json]
2025-08-14 22:47:46 - Set SecurityContextHolder to anonymous SecurityContext
2025-08-14 22:47:46 - Writing [com.autoinsurance.quote.dto.QuoteResponseDto@4864acdc]
2025-08-14 22:47:46 - 
    select
        q1_0.id,
        q1_0.coverage_amount,
        q1_0.created_at,
        q1_0.deductible,
        q1_0.monthly_premium,
        q1_0.premium,
        q1_0.primary_driver_license,
        q1_0.primary_driver_name,
        q1_0.valid_until,
        q1_0.vehicle_current_value,
        q1_0.vehicle_make,
        q1_0.vehicle_model,
        q1_0.vehicle_vin,
        q1_0.vehicle_year 
    from
        quotes q1_0 
    where
        q1_0.id=?
2025-08-14 22:47:46 - 
    select
        da1_0.quote_id,
        da1_0.discount_description 
    from
        quote_discounts da1_0 
    where
        da1_0.quote_id=?
2025-08-14 22:47:46 - 
    select
        q1_0.id,
        q1_0.coverage_amount,
        q1_0.created_at,
        q1_0.deductible,
        q1_0.monthly_premium,
        q1_0.premium,
        q1_0.primary_driver_license,
        q1_0.primary_driver_name,
        q1_0.valid_until,
        q1_0.vehicle_current_value,
        q1_0.vehicle_make,
        q1_0.vehicle_model,
        q1_0.vehicle_vin,
        q1_0.vehicle_year 
    from
        quotes q1_0 
    where
        q1_0.id=?
2025-08-14 22:47:46 - Set SecurityContextHolder to anonymous SecurityContext
2025-08-14 22:47:46 - 
    select
        q1_0.id,
        q1_0.coverage_amount,
        q1_0.created_at,
        q1_0.deductible,
        q1_0.monthly_premium,
        q1_0.premium,
        q1_0.primary_driver_license,
        q1_0.primary_driver_name,
        q1_0.valid_until,
        q1_0.vehicle_current_value,
        q1_0.vehicle_make,
        q1_0.vehicle_model,
        q1_0.vehicle_vin,
        q1_0.vehicle_year 
    from
        quotes q1_0 
    where
        q1_0.id=?
2025-08-14 22:47:46 - Set SecurityContextHolder to anonymous SecurityContext
2025-08-14 22:47:46 - Securing GET /api/v1/quotes/c16ffb41-5dd7-4ba7-b32c-5d5dddf4e2e1
2025-08-14 22:47:46 - Using 'application/json', given [application/json] and supported [application/json]
2025-08-14 22:47:46 - Writing [com.autoinsurance.quote.dto.QuoteResponseDto@5f5337b1]
2025-08-14 22:47:46 - 
    select
        q1_0.id,
        q1_0.coverage_amount,
        q1_0.created_at,
        q1_0.deductible,
        q1_0.monthly_premium,
        q1_0.premium,
        q1_0.primary_driver_license,
        q1_0.primary_driver_name,
        q1_0.valid_until,
        q1_0.vehicle_current_value,
        q1_0.vehicle_make,
        q1_0.vehicle_model,
        q1_0.vehicle_vin,
        q1_0.vehicle_year 
    from
        quotes q1_0 
    where
        q1_0.id=?
2025-08-14 22:47:46 - 
    select
        da1_0.quote_id,
        da1_0.discount_description 
    from
        quote_discounts da1_0 
    where
        da1_0.quote_id=?
2025-08-14 22:47:46 - 
    insert 
    into
        quotes
        (coverage_amount, created_at, deductible, monthly_premium, premium, primary_driver_license, primary_driver_name, valid_until, vehicle_current_value, vehicle_make, vehicle_model, vehicle_vin, vehicle_year, id) 
    values
        (?, ?, ?, ?, ?, ?, ?, ?, ?, ?, ?, ?, ?, ?)
2025-08-14 22:47:46 - 
    insert 
    into
        quotes
        (coverage_amount, created_at, deductible, monthly_premium, premium, primary_driver_license, primary_driver_name, valid_until, vehicle_current_value, vehicle_make, vehicle_model, vehicle_vin, vehicle_year, id) 
    values
        (?, ?, ?, ?, ?, ?, ?, ?, ?, ?, ?, ?, ?, ?)
2025-08-14 22:47:46 - Set SecurityContextHolder to anonymous SecurityContext
2025-08-14 22:47:46 - Secured GET /api/v1/quotes/c16ffb41-5dd7-4ba7-b32c-5d5dddf4e2e1
2025-08-14 22:47:46 - 
    select
        q1_0.id,
        q1_0.coverage_amount,
        q1_0.created_at,
        q1_0.deductible,
        q1_0.monthly_premium,
        q1_0.premium,
        q1_0.primary_driver_license,
        q1_0.primary_driver_name,
        q1_0.valid_until,
        q1_0.vehicle_current_value,
        q1_0.vehicle_make,
        q1_0.vehicle_model,
        q1_0.vehicle_vin,
        q1_0.vehicle_year 
    from
        quotes q1_0 
    where
        q1_0.id=?
2025-08-14 22:47:46 - Using 'application/json', given [application/json] and supported [application/json]
2025-08-14 22:47:46 - Writing [com.autoinsurance.quote.dto.QuoteResponseDto@6c8356bf]
2025-08-14 22:47:46 - Using 'application/json', given [application/json] and supported [application/json]
2025-08-14 22:47:46 - Writing [com.autoinsurance.quote.dto.QuoteResponseDto@7146efc5]
2025-08-14 22:47:46 - 
    insert 
    into
        quotes
        (coverage_amount, created_at, deductible, monthly_premium, premium, primary_driver_license, primary_driver_name, valid_until, vehicle_current_value, vehicle_make, vehicle_model, vehicle_vin, vehicle_year, id) 
    values
        (?, ?, ?, ?, ?, ?, ?, ?, ?, ?, ?, ?, ?, ?)
2025-08-14 22:47:46 - Mapped to com.autoinsurance.quote.controller.QuoteController#getQuote(String)
2025-08-14 22:47:46 - 
    select
        da1_0.quote_id,
        da1_0.discount_description 
    from
        quote_discounts da1_0 
    where
        da1_0.quote_id=?
2025-08-14 22:47:46 - 
    select
        da1_0.quote_id,
        da1_0.discount_description 
    from
        quote_discounts da1_0 
    where
        da1_0.quote_id=?
2025-08-14 22:47:46 - 
    select
        q1_0.id,
        q1_0.coverage_amount,
        q1_0.created_at,
        q1_0.deductible,
        q1_0.monthly_premium,
        q1_0.premium,
        q1_0.primary_driver_license,
        q1_0.primary_driver_name,
        q1_0.valid_until,
        q1_0.vehicle_current_value,
        q1_0.vehicle_make,
        q1_0.vehicle_model,
        q1_0.vehicle_vin,
        q1_0.vehicle_year 
    from
        quotes q1_0 
    where
        q1_0.id=?
2025-08-14 22:47:46 - Set SecurityContextHolder to anonymous SecurityContext
2025-08-14 22:47:46 - 
    insert 
    into
        quotes
        (coverage_amount, created_at, deductible, monthly_premium, premium, primary_driver_license, primary_driver_name, valid_until, vehicle_current_value, vehicle_make, vehicle_model, vehicle_vin, vehicle_year, id) 
    values
        (?, ?, ?, ?, ?, ?, ?, ?, ?, ?, ?, ?, ?, ?)
2025-08-14 22:47:46 - Using 'application/json', given [*/*] and supported [application/json]
2025-08-14 22:47:46 - Writing [com.autoinsurance.quote.dto.QuoteResponseDto@5849574f]
2025-08-14 22:47:46 - Set SecurityContextHolder to anonymous SecurityContext
2025-08-14 22:47:46 - 
    select
        q1_0.id,
        q1_0.coverage_amount,
        q1_0.created_at,
        q1_0.deductible,
        q1_0.monthly_premium,
        q1_0.premium,
        q1_0.primary_driver_license,
        q1_0.primary_driver_name,
        q1_0.valid_until,
        q1_0.vehicle_current_value,
        q1_0.vehicle_make,
        q1_0.vehicle_model,
        q1_0.vehicle_vin,
        q1_0.vehicle_year 
    from
        quotes q1_0 
    where
        q1_0.id=?
2025-08-14 22:47:46 - Using 'application/json', given [*/*] and supported [application/json]
2025-08-14 22:47:46 - Using 'application/json', given [*/*] and supported [application/json]
2025-08-14 22:47:46 - Writing [com.autoinsurance.quote.dto.QuoteResponseDto@2d1d53ee]
2025-08-14 22:47:46 - Using 'application/json', given [*/*] and supported [application/json]
2025-08-14 22:47:46 - Writing [com.autoinsurance.quote.dto.QuoteResponseDto@27332d1a]
2025-08-14 22:47:46 - Writing [com.autoinsurance.quote.dto.QuoteResponseDto@8bd116e]
2025-08-14 22:47:46 - Set SecurityContextHolder to anonymous SecurityContext
2025-08-14 22:47:46 - Securing GET /api/v1/quotes/72e72bd5-5331-4902-9d99-51e699927c67
2025-08-14 22:47:46 - 
    select
        q1_0.id,
        q1_0.coverage_amount,
        q1_0.created_at,
        q1_0.deductible,
        q1_0.monthly_premium,
        q1_0.premium,
        q1_0.primary_driver_license,
        q1_0.primary_driver_name,
        q1_0.valid_until,
        q1_0.vehicle_current_value,
        q1_0.vehicle_make,
        q1_0.vehicle_model,
        q1_0.vehicle_vin,
        q1_0.vehicle_year 
    from
        quotes q1_0 
    where
        q1_0.id=?
2025-08-14 22:47:46 - Using 'application/json', given [application/json] and supported [application/json]
2025-08-14 22:47:46 - Writing [com.autoinsurance.quote.dto.QuoteResponseDto@28c98258]
2025-08-14 22:47:46 - Secured GET /api/v1/quotes/72e72bd5-5331-4902-9d99-51e699927c67
2025-08-14 22:47:46 - Using 'application/json', given [application/json] and supported [application/json]
2025-08-14 22:47:46 - Mapped to com.autoinsurance.quote.controller.QuoteController#getQuote(String)
2025-08-14 22:47:46 - 
    select
        da1_0.quote_id,
        da1_0.discount_description 
    from
        quote_discounts da1_0 
    where
        da1_0.quote_id=?
2025-08-14 22:47:46 - Writing [com.autoinsurance.quote.dto.QuoteResponseDto@52653244]
2025-08-14 22:47:46 - 
    select
        q1_0.id,
        q1_0.coverage_amount,
        q1_0.created_at,
        q1_0.deductible,
        q1_0.monthly_premium,
        q1_0.premium,
        q1_0.primary_driver_license,
        q1_0.primary_driver_name,
        q1_0.valid_until,
        q1_0.vehicle_current_value,
        q1_0.vehicle_make,
        q1_0.vehicle_model,
        q1_0.vehicle_vin,
        q1_0.vehicle_year 
    from
        quotes q1_0 
    where
        q1_0.id=?
2025-08-14 22:47:46 - Set SecurityContextHolder to anonymous SecurityContext
2025-08-14 22:47:46 - 
    select
        da1_0.quote_id,
        da1_0.discount_description 
    from
        quote_discounts da1_0 
    where
        da1_0.quote_id=?
2025-08-14 22:47:46 - 
    select
        q1_0.id,
        q1_0.coverage_amount,
        q1_0.created_at,
        q1_0.deductible,
        q1_0.monthly_premium,
        q1_0.premium,
        q1_0.primary_driver_license,
        q1_0.primary_driver_name,
        q1_0.valid_until,
        q1_0.vehicle_current_value,
        q1_0.vehicle_make,
        q1_0.vehicle_model,
        q1_0.vehicle_vin,
        q1_0.vehicle_year 
    from
        quotes q1_0 
    where
        q1_0.id=?
2025-08-14 22:47:46 - Set SecurityContextHolder to anonymous SecurityContext
2025-08-14 22:47:46 - Set SecurityContextHolder to anonymous SecurityContext
2025-08-14 22:47:46 - Set SecurityContextHolder to anonymous SecurityContext
2025-08-14 22:47:46 - Securing GET /api/v1/quotes/c0ba1550-ba34-4300-b5ef-7ae971d43b5f
2025-08-14 22:47:46 - Set SecurityContextHolder to anonymous SecurityContext
2025-08-14 22:47:46 - Using 'application/json', given [application/json] and supported [application/json]
2025-08-14 22:47:46 - Using 'application/json', given [application/json] and supported [application/json]
2025-08-14 22:47:46 - Writing [com.autoinsurance.quote.dto.QuoteResponseDto@45a608f2]
2025-08-14 22:47:46 - Writing [com.autoinsurance.quote.dto.QuoteResponseDto@6b78c1bf]
2025-08-14 22:47:46 - Using 'application/json', given [application/json] and supported [application/json]
2025-08-14 22:47:46 - Writing [com.autoinsurance.quote.dto.QuoteResponseDto@31048daa]
2025-08-14 22:47:46 - Secured GET /api/v1/quotes/c0ba1550-ba34-4300-b5ef-7ae971d43b5f
2025-08-14 22:47:46 - 
    select
        da1_0.quote_id,
        da1_0.discount_description 
    from
        quote_discounts da1_0 
    where
        da1_0.quote_id=?
2025-08-14 22:47:46 - Securing GET /api/v1/quotes/84c64ad7-e088-4db3-b0e1-7eae104df49f
2025-08-14 22:47:46 - Mapped to com.autoinsurance.quote.controller.QuoteController#getQuote(String)
2025-08-14 22:47:46 - Set SecurityContextHolder to anonymous SecurityContext
2025-08-14 22:47:46 - 
    select
        da1_0.quote_id,
        da1_0.discount_description 
    from
        quote_discounts da1_0 
    where
        da1_0.quote_id=?
2025-08-14 22:47:46 - 
    select
        da1_0.quote_id,
        da1_0.discount_description 
    from
        quote_discounts da1_0 
    where
        da1_0.quote_id=?
2025-08-14 22:47:46 - 
    select
        q1_0.id,
        q1_0.coverage_amount,
        q1_0.created_at,
        q1_0.deductible,
        q1_0.monthly_premium,
        q1_0.premium,
        q1_0.primary_driver_license,
        q1_0.primary_driver_name,
        q1_0.valid_until,
        q1_0.vehicle_current_value,
        q1_0.vehicle_make,
        q1_0.vehicle_model,
        q1_0.vehicle_vin,
        q1_0.vehicle_year 
    from
        quotes q1_0 
    where
        q1_0.id=?
2025-08-14 22:47:46 - Securing GET /api/v1/quotes/4585932e-23a3-4180-bff0-7a31c44ead42
2025-08-14 22:47:46 - Set SecurityContextHolder to anonymous SecurityContext
2025-08-14 22:47:46 - Using 'application/json', given [application/json] and supported [application/json]
2025-08-14 22:47:46 - Writing [com.autoinsurance.quote.dto.QuoteResponseDto@63de93b1]
2025-08-14 22:47:46 - Set SecurityContextHolder to anonymous SecurityContext
2025-08-14 22:47:46 - Secured GET /api/v1/quotes/4585932e-23a3-4180-bff0-7a31c44ead42
2025-08-14 22:47:46 - Mapped to com.autoinsurance.quote.controller.QuoteController#getQuote(String)
2025-08-14 22:47:46 - 
    select
        da1_0.quote_id,
        da1_0.discount_description 
    from
        quote_discounts da1_0 
    where
        da1_0.quote_id=?
2025-08-14 22:47:46 - Secured GET /api/v1/quotes/84c64ad7-e088-4db3-b0e1-7eae104df49f
2025-08-14 22:47:46 - Set SecurityContextHolder to anonymous SecurityContext
2025-08-14 22:47:46 - Mapped to com.autoinsurance.quote.controller.QuoteController#getQuote(String)
2025-08-14 22:47:46 - 
    select
        q1_0.id,
        q1_0.coverage_amount,
        q1_0.created_at,
        q1_0.deductible,
        q1_0.monthly_premium,
        q1_0.premium,
        q1_0.primary_driver_license,
        q1_0.primary_driver_name,
        q1_0.valid_until,
        q1_0.vehicle_current_value,
        q1_0.vehicle_make,
        q1_0.vehicle_model,
        q1_0.vehicle_vin,
        q1_0.vehicle_year 
    from
        quotes q1_0 
    where
        q1_0.id=?
2025-08-14 22:47:46 - Using 'application/json', given [application/json] and supported [application/json]
2025-08-14 22:47:46 - Writing [com.autoinsurance.quote.dto.QuoteResponseDto@53f764c8]
2025-08-14 22:47:46 - 
    select
        q1_0.id,
        q1_0.coverage_amount,
        q1_0.created_at,
        q1_0.deductible,
        q1_0.monthly_premium,
        q1_0.premium,
        q1_0.primary_driver_license,
        q1_0.primary_driver_name,
        q1_0.valid_until,
        q1_0.vehicle_current_value,
        q1_0.vehicle_make,
        q1_0.vehicle_model,
        q1_0.vehicle_vin,
        q1_0.vehicle_year 
    from
        quotes q1_0 
    where
        q1_0.id=?
2025-08-14 22:47:46 - 
    select
        da1_0.quote_id,
        da1_0.discount_description 
    from
        quote_discounts da1_0 
    where
        da1_0.quote_id=?
2025-08-14 22:47:46 - Set SecurityContextHolder to anonymous SecurityContext
2025-08-14 22:47:46 - Using 'application/json', given [application/json] and supported [application/json]
2025-08-14 22:47:46 - Writing [com.autoinsurance.quote.dto.QuoteResponseDto@496c3e1f]
2025-08-14 22:47:46 - 
    select
        da1_0.quote_id,
        da1_0.discount_description 
    from
        quote_discounts da1_0 
    where
        da1_0.quote_id=?
2025-08-14 22:47:46 - Set SecurityContextHolder to anonymous SecurityContext
Database Connection Pool Stress Results:
  Concurrent Connections Attempted: 25
  Successful Operations: 25
  Connection-Related Errors: 0
  Success Rate: 100.0%
]]></system-out>
  </testcase>
  <testcase name="should_MaintainConsistentResponseTimesUnderVaryingLoad" classname="com.autoinsurance.stress.StressAndReliabilityTest" time="1.156">
    <system-out><![CDATA[Phase 1: Establishing light load baseline...
2025-08-14 22:47:46 - Securing POST /api/v1/quotes
2025-08-14 22:47:46 - Secured POST /api/v1/quotes
2025-08-14 22:47:46 - Mapped to com.autoinsurance.quote.controller.QuoteController#createQuote(QuoteRequestDto)
2025-08-14 22:47:46 - Read "application/json;charset=UTF-8" to [com.autoinsurance.quote.dto.QuoteRequestDto@6c5f6bd0]
2025-08-14 22:47:46 - 
    select
        q1_0.id,
        q1_0.coverage_amount,
        q1_0.created_at,
        q1_0.deductible,
        q1_0.monthly_premium,
        q1_0.premium,
        q1_0.primary_driver_license,
        q1_0.primary_driver_name,
        q1_0.valid_until,
        q1_0.vehicle_current_value,
        q1_0.vehicle_make,
        q1_0.vehicle_model,
        q1_0.vehicle_vin,
        q1_0.vehicle_year 
    from
        quotes q1_0 
    where
        q1_0.id=?
2025-08-14 22:47:46 - 
    insert 
    into
        quotes
        (coverage_amount, created_at, deductible, monthly_premium, premium, primary_driver_license, primary_driver_name, valid_until, vehicle_current_value, vehicle_make, vehicle_model, vehicle_vin, vehicle_year, id) 
    values
        (?, ?, ?, ?, ?, ?, ?, ?, ?, ?, ?, ?, ?, ?)
2025-08-14 22:47:46 - Using 'application/json', given [*/*] and supported [application/json]
2025-08-14 22:47:46 - Writing [com.autoinsurance.quote.dto.QuoteResponseDto@277fbd09]
2025-08-14 22:47:46 - Set SecurityContextHolder to anonymous SecurityContext
2025-08-14 22:47:46 - Securing POST /api/v1/quotes
2025-08-14 22:47:46 - Secured POST /api/v1/quotes
2025-08-14 22:47:46 - Mapped to com.autoinsurance.quote.controller.QuoteController#createQuote(QuoteRequestDto)
2025-08-14 22:47:46 - Read "application/json;charset=UTF-8" to [com.autoinsurance.quote.dto.QuoteRequestDto@1818d235]
2025-08-14 22:47:46 - 
    select
        q1_0.id,
        q1_0.coverage_amount,
        q1_0.created_at,
        q1_0.deductible,
        q1_0.monthly_premium,
        q1_0.premium,
        q1_0.primary_driver_license,
        q1_0.primary_driver_name,
        q1_0.valid_until,
        q1_0.vehicle_current_value,
        q1_0.vehicle_make,
        q1_0.vehicle_model,
        q1_0.vehicle_vin,
        q1_0.vehicle_year 
    from
        quotes q1_0 
    where
        q1_0.id=?
2025-08-14 22:47:46 - 
    insert 
    into
        quotes
        (coverage_amount, created_at, deductible, monthly_premium, premium, primary_driver_license, primary_driver_name, valid_until, vehicle_current_value, vehicle_make, vehicle_model, vehicle_vin, vehicle_year, id) 
    values
        (?, ?, ?, ?, ?, ?, ?, ?, ?, ?, ?, ?, ?, ?)
2025-08-14 22:47:46 - Using 'application/json', given [*/*] and supported [application/json]
2025-08-14 22:47:46 - Writing [com.autoinsurance.quote.dto.QuoteResponseDto@38d13c55]
2025-08-14 22:47:46 - Set SecurityContextHolder to anonymous SecurityContext
2025-08-14 22:47:47 - Securing POST /api/v1/quotes
2025-08-14 22:47:47 - Secured POST /api/v1/quotes
2025-08-14 22:47:47 - Mapped to com.autoinsurance.quote.controller.QuoteController#createQuote(QuoteRequestDto)
2025-08-14 22:47:47 - Read "application/json;charset=UTF-8" to [com.autoinsurance.quote.dto.QuoteRequestDto@5df1602e]
2025-08-14 22:47:47 - 
    select
        q1_0.id,
        q1_0.coverage_amount,
        q1_0.created_at,
        q1_0.deductible,
        q1_0.monthly_premium,
        q1_0.premium,
        q1_0.primary_driver_license,
        q1_0.primary_driver_name,
        q1_0.valid_until,
        q1_0.vehicle_current_value,
        q1_0.vehicle_make,
        q1_0.vehicle_model,
        q1_0.vehicle_vin,
        q1_0.vehicle_year 
    from
        quotes q1_0 
    where
        q1_0.id=?
2025-08-14 22:47:47 - 
    insert 
    into
        quotes
        (coverage_amount, created_at, deductible, monthly_premium, premium, primary_driver_license, primary_driver_name, valid_until, vehicle_current_value, vehicle_make, vehicle_model, vehicle_vin, vehicle_year, id) 
    values
        (?, ?, ?, ?, ?, ?, ?, ?, ?, ?, ?, ?, ?, ?)
2025-08-14 22:47:47 - Using 'application/json', given [*/*] and supported [application/json]
2025-08-14 22:47:47 - Writing [com.autoinsurance.quote.dto.QuoteResponseDto@7b0acae3]
2025-08-14 22:47:47 - Set SecurityContextHolder to anonymous SecurityContext
2025-08-14 22:47:47 - Securing POST /api/v1/quotes
2025-08-14 22:47:47 - Secured POST /api/v1/quotes
2025-08-14 22:47:47 - Mapped to com.autoinsurance.quote.controller.QuoteController#createQuote(QuoteRequestDto)
2025-08-14 22:47:47 - Read "application/json;charset=UTF-8" to [com.autoinsurance.quote.dto.QuoteRequestDto@71ab7287]
2025-08-14 22:47:47 - 
    select
        q1_0.id,
        q1_0.coverage_amount,
        q1_0.created_at,
        q1_0.deductible,
        q1_0.monthly_premium,
        q1_0.premium,
        q1_0.primary_driver_license,
        q1_0.primary_driver_name,
        q1_0.valid_until,
        q1_0.vehicle_current_value,
        q1_0.vehicle_make,
        q1_0.vehicle_model,
        q1_0.vehicle_vin,
        q1_0.vehicle_year 
    from
        quotes q1_0 
    where
        q1_0.id=?
2025-08-14 22:47:47 - 
    insert 
    into
        quotes
        (coverage_amount, created_at, deductible, monthly_premium, premium, primary_driver_license, primary_driver_name, valid_until, vehicle_current_value, vehicle_make, vehicle_model, vehicle_vin, vehicle_year, id) 
    values
        (?, ?, ?, ?, ?, ?, ?, ?, ?, ?, ?, ?, ?, ?)
2025-08-14 22:47:47 - Using 'application/json', given [*/*] and supported [application/json]
2025-08-14 22:47:47 - Writing [com.autoinsurance.quote.dto.QuoteResponseDto@6a25bacb]
2025-08-14 22:47:47 - Set SecurityContextHolder to anonymous SecurityContext
2025-08-14 22:47:47 - Securing POST /api/v1/quotes
2025-08-14 22:47:47 - Secured POST /api/v1/quotes
2025-08-14 22:47:47 - Mapped to com.autoinsurance.quote.controller.QuoteController#createQuote(QuoteRequestDto)
2025-08-14 22:47:47 - Read "application/json;charset=UTF-8" to [com.autoinsurance.quote.dto.QuoteRequestDto@5ef6e2b9]
2025-08-14 22:47:47 - 
    select
        q1_0.id,
        q1_0.coverage_amount,
        q1_0.created_at,
        q1_0.deductible,
        q1_0.monthly_premium,
        q1_0.premium,
        q1_0.primary_driver_license,
        q1_0.primary_driver_name,
        q1_0.valid_until,
        q1_0.vehicle_current_value,
        q1_0.vehicle_make,
        q1_0.vehicle_model,
        q1_0.vehicle_vin,
        q1_0.vehicle_year 
    from
        quotes q1_0 
    where
        q1_0.id=?
2025-08-14 22:47:47 - 
    insert 
    into
        quotes
        (coverage_amount, created_at, deductible, monthly_premium, premium, primary_driver_license, primary_driver_name, valid_until, vehicle_current_value, vehicle_make, vehicle_model, vehicle_vin, vehicle_year, id) 
    values
        (?, ?, ?, ?, ?, ?, ?, ?, ?, ?, ?, ?, ?, ?)
2025-08-14 22:47:47 - Using 'application/json', given [*/*] and supported [application/json]
2025-08-14 22:47:47 - Writing [com.autoinsurance.quote.dto.QuoteResponseDto@16566ea7]
2025-08-14 22:47:47 - Set SecurityContextHolder to anonymous SecurityContext
2025-08-14 22:47:47 - Securing POST /api/v1/quotes
2025-08-14 22:47:47 - Secured POST /api/v1/quotes
2025-08-14 22:47:47 - Mapped to com.autoinsurance.quote.controller.QuoteController#createQuote(QuoteRequestDto)
2025-08-14 22:47:47 - Read "application/json;charset=UTF-8" to [com.autoinsurance.quote.dto.QuoteRequestDto@3eab9c6f]
2025-08-14 22:47:47 - 
    select
        q1_0.id,
        q1_0.coverage_amount,
        q1_0.created_at,
        q1_0.deductible,
        q1_0.monthly_premium,
        q1_0.premium,
        q1_0.primary_driver_license,
        q1_0.primary_driver_name,
        q1_0.valid_until,
        q1_0.vehicle_current_value,
        q1_0.vehicle_make,
        q1_0.vehicle_model,
        q1_0.vehicle_vin,
        q1_0.vehicle_year 
    from
        quotes q1_0 
    where
        q1_0.id=?
2025-08-14 22:47:47 - 
    insert 
    into
        quotes
[...]
2025-08-14 22:48:23 - Securing POST /api/v1/quotes
2025-08-14 22:48:23 - Secured POST /api/v1/quotes
2025-08-14 22:48:23 - Mapped to com.autoinsurance.quote.controller.QuoteController#createQuote(QuoteRequestDto)
2025-08-14 22:48:23 - Read "application/json;charset=UTF-8" to [com.autoinsurance.quote.dto.QuoteRequestDto@4b479d73]
2025-08-14 22:48:23 - 
    select
        q1_0.id,
        q1_0.coverage_amount,
        q1_0.created_at,
        q1_0.deductible,
        q1_0.monthly_premium,
        q1_0.premium,
        q1_0.primary_driver_license,
        q1_0.primary_driver_name,
        q1_0.valid_until,
        q1_0.vehicle_current_value,
        q1_0.vehicle_make,
        q1_0.vehicle_model,
        q1_0.vehicle_vin,
        q1_0.vehicle_year 
    from
        quotes q1_0 
    where
        q1_0.id=?
2025-08-14 22:48:23 - 
    insert 
    into
        quotes
        (coverage_amount, created_at, deductible, monthly_premium, premium, primary_driver_license, primary_driver_name, valid_until, vehicle_current_value, vehicle_make, vehicle_model, vehicle_vin, vehicle_year, id) 
    values
        (?, ?, ?, ?, ?, ?, ?, ?, ?, ?, ?, ?, ?, ?)
2025-08-14 22:48:23 - Using 'application/json', given [*/*] and supported [application/json]
2025-08-14 22:48:23 - Writing [com.autoinsurance.quote.dto.QuoteResponseDto@12edfeda]
2025-08-14 22:48:23 - Set SecurityContextHolder to anonymous SecurityContext
2025-08-14 22:48:23 - Securing POST /api/v1/quotes
2025-08-14 22:48:23 - Secured POST /api/v1/quotes
2025-08-14 22:48:23 - Mapped to com.autoinsurance.quote.controller.QuoteController#createQuote(QuoteRequestDto)
2025-08-14 22:48:23 - Read "application/json;charset=UTF-8" to [com.autoinsurance.quote.dto.QuoteRequestDto@6561359c]
2025-08-14 22:48:23 - 
    select
        q1_0.id,
        q1_0.coverage_amount,
        q1_0.created_at,
        q1_0.deductible,
        q1_0.monthly_premium,
        q1_0.premium,
        q1_0.primary_driver_license,
        q1_0.primary_driver_name,
        q1_0.valid_until,
        q1_0.vehicle_current_value,
        q1_0.vehicle_make,
        q1_0.vehicle_model,
        q1_0.vehicle_vin,
        q1_0.vehicle_year 
    from
        quotes q1_0 
    where
        q1_0.id=?
2025-08-14 22:48:23 - 
    insert 
    into
        quotes
        (coverage_amount, created_at, deductible, monthly_premium, premium, primary_driver_license, primary_driver_name, valid_until, vehicle_current_value, vehicle_make, vehicle_model, vehicle_vin, vehicle_year, id) 
    values
        (?, ?, ?, ?, ?, ?, ?, ?, ?, ?, ?, ?, ?, ?)
2025-08-14 22:48:23 - Using 'application/json', given [*/*] and supported [application/json]
2025-08-14 22:48:23 - Writing [com.autoinsurance.quote.dto.QuoteResponseDto@1eece80e]
2025-08-14 22:48:23 - Set SecurityContextHolder to anonymous SecurityContext
2025-08-14 22:48:23 - Securing POST /api/v1/quotes
2025-08-14 22:48:23 - Secured POST /api/v1/quotes
2025-08-14 22:48:23 - Mapped to com.autoinsurance.quote.controller.QuoteController#createQuote(QuoteRequestDto)
2025-08-14 22:48:23 - Read "application/json;charset=UTF-8" to [com.autoinsurance.quote.dto.QuoteRequestDto@38df7f45]
2025-08-14 22:48:23 - 
    select
        q1_0.id,
        q1_0.coverage_amount,
        q1_0.created_at,
        q1_0.deductible,
        q1_0.monthly_premium,
        q1_0.premium,
        q1_0.primary_driver_license,
        q1_0.primary_driver_name,
        q1_0.valid_until,
        q1_0.vehicle_current_value,
        q1_0.vehicle_make,
        q1_0.vehicle_model,
        q1_0.vehicle_vin,
        q1_0.vehicle_year 
    from
        quotes q1_0 
    where
        q1_0.id=?
2025-08-14 22:48:23 - 
    insert 
    into
        quotes
        (coverage_amount, created_at, deductible, monthly_premium, premium, primary_driver_license, primary_driver_name, valid_until, vehicle_current_value, vehicle_make, vehicle_model, vehicle_vin, vehicle_year, id) 
    values
        (?, ?, ?, ?, ?, ?, ?, ?, ?, ?, ?, ?, ?, ?)
2025-08-14 22:48:23 - Using 'application/json', given [*/*] and supported [application/json]
2025-08-14 22:48:23 - Writing [com.autoinsurance.quote.dto.QuoteResponseDto@bbb997]
2025-08-14 22:48:23 - Set SecurityContextHolder to anonymous SecurityContext
2025-08-14 22:48:23 - Securing POST /api/v1/quotes
2025-08-14 22:48:23 - Secured POST /api/v1/quotes
2025-08-14 22:48:23 - Mapped to com.autoinsurance.quote.controller.QuoteController#createQuote(QuoteRequestDto)
2025-08-14 22:48:23 - Read "application/json;charset=UTF-8" to [com.autoinsurance.quote.dto.QuoteRequestDto@19cb6068]
2025-08-14 22:48:23 - 
    select
        q1_0.id,
        q1_0.coverage_amount,
        q1_0.created_at,
        q1_0.deductible,
        q1_0.monthly_premium,
        q1_0.premium,
        q1_0.primary_driver_license,
        q1_0.primary_driver_name,
        q1_0.valid_until,
        q1_0.vehicle_current_value,
        q1_0.vehicle_make,
        q1_0.vehicle_model,
        q1_0.vehicle_vin,
        q1_0.vehicle_year 
    from
        quotes q1_0 
    where
        q1_0.id=?
2025-08-14 22:48:23 - 
    insert 
    into
        quotes
        (coverage_amount, created_at, deductible, monthly_premium, premium, primary_driver_license, primary_driver_name, valid_until, vehicle_current_value, vehicle_make, vehicle_model, vehicle_vin, vehicle_year, id) 
    values
        (?, ?, ?, ?, ?, ?, ?, ?, ?, ?, ?, ?, ?, ?)
2025-08-14 22:48:23 - Using 'application/json', given [*/*] and supported [application/json]
2025-08-14 22:48:23 - Writing [com.autoinsurance.quote.dto.QuoteResponseDto@1ae4ed5d]
2025-08-14 22:48:23 - Set SecurityContextHolder to anonymous SecurityContext
2025-08-14 22:48:23 - Securing POST /api/v1/quotes
2025-08-14 22:48:23 - Secured POST /api/v1/quotes
2025-08-14 22:48:23 - Mapped to com.autoinsurance.quote.controller.QuoteController#createQuote(QuoteRequestDto)
2025-08-14 22:48:23 - Read "application/json;charset=UTF-8" to [com.autoinsurance.quote.dto.QuoteRequestDto@6bcd1373]
2025-08-14 22:48:23 - 
    select
        q1_0.id,
        q1_0.coverage_amount,
        q1_0.created_at,
        q1_0.deductible,
        q1_0.monthly_premium,
        q1_0.premium,
        q1_0.primary_driver_license,
        q1_0.primary_driver_name,
        q1_0.valid_until,
        q1_0.vehicle_current_value,
        q1_0.vehicle_make,
        q1_0.vehicle_model,
        q1_0.vehicle_vin,
        q1_0.vehicle_year 
    from
        quotes q1_0 
    where
        q1_0.id=?
2025-08-14 22:48:23 - 
    insert 
    into
        quotes
        (coverage_amount, created_at, deductible, monthly_premium, premium, primary_driver_license, primary_driver_name, valid_until, vehicle_current_value, vehicle_make, vehicle_model, vehicle_vin, vehicle_year, id) 
    values
        (?, ?, ?, ?, ?, ?, ?, ?, ?, ?, ?, ?, ?, ?)
2025-08-14 22:48:23 - Using 'application/json', given [*/*] and supported [application/json]
2025-08-14 22:48:23 - Writing [com.autoinsurance.quote.dto.QuoteResponseDto@17c3a2b4]
2025-08-14 22:48:23 - Set SecurityContextHolder to anonymous SecurityContext
2025-08-14 22:48:23 - Securing POST /api/v1/quotes
2025-08-14 22:48:23 - Secured POST /api/v1/quotes
2025-08-14 22:48:23 - Mapped to com.autoinsurance.quote.controller.QuoteController#createQuote(QuoteRequestDto)
2025-08-14 22:48:23 - Read "application/json;charset=UTF-8" to [com.autoinsurance.quote.dto.QuoteRequestDto@675e5b41]
2025-08-14 22:48:23 - 
    select
        q1_0.id,
        q1_0.coverage_amount,
        q1_0.created_at,
        q1_0.deductible,
        q1_0.monthly_premium,
        q1_0.premium,
        q1_0.primary_driver_license,
        q1_0.primary_driver_name,
        q1_0.valid_until,
        q1_0.vehicle_current_value,
        q1_0.vehicle_make,
        q1_0.vehicle_model,
        q1_0.vehicle_vin,
        q1_0.vehicle_year 
    from
        quotes q1_0 
    where
        q1_0.id=?
2025-08-14 22:48:23 - 
    insert 
    into
        quotes
        (coverage_amount, created_at, deductible, monthly_premium, premium, primary_driver_license, primary_driver_name, valid_until, vehicle_current_value, vehicle_make, vehicle_model, vehicle_vin, vehicle_year, id) 
    values
        (?, ?, ?, ?, ?, ?, ?, ?, ?, ?, ?, ?, ?, ?)
2025-08-14 22:48:23 - Using 'application/json', given [*/*] and supported [application/json]
2025-08-14 22:48:23 - Writing [com.autoinsurance.quote.dto.QuoteResponseDto@7a919543]
2025-08-14 22:48:23 - Set SecurityContextHolder to anonymous SecurityContext
2025-08-14 22:48:23 - Securing POST /api/v1/quotes
2025-08-14 22:48:23 - Secured POST /api/v1/quotes
2025-08-14 22:48:23 - Mapped to com.autoinsurance.quote.controller.QuoteController#createQuote(QuoteRequestDto)
2025-08-14 22:48:23 - Read "application/json;charset=UTF-8" to [com.autoinsurance.quote.dto.QuoteRequestDto@5006755a]
2025-08-14 22:48:23 - 
    select
        q1_0.id,
        q1_0.coverage_amount,
        q1_0.created_at,
        q1_0.deductible,
        q1_0.monthly_premium,
        q1_0.premium,
        q1_0.primary_driver_license,
        q1_0.primary_driver_name,
        q1_0.valid_until,
        q1_0.vehicle_current_value,
        q1_0.vehicle_make,
        q1_0.vehicle_model,
        q1_0.vehicle_vin,
        q1_0.vehicle_year 
    from
        quotes q1_0 
    where
        q1_0.id=?
2025-08-14 22:48:23 - 
    insert 
    into
        quotes
        (coverage_amount, created_at, deductible, monthly_premium, premium, primary_driver_license, primary_driver_name, valid_until, vehicle_current_value, vehicle_make, vehicle_model, vehicle_vin, vehicle_year, id) 
    values
        (?, ?, ?, ?, ?, ?, ?, ?, ?, ?, ?, ?, ?, ?)
2025-08-14 22:48:23 - Using 'application/json', given [*/*] and supported [application/json]
2025-08-14 22:48:23 - Writing [com.autoinsurance.quote.dto.QuoteResponseDto@3385cd0c]
2025-08-14 22:48:23 - Set SecurityContextHolder to anonymous SecurityContext
2025-08-14 22:48:23 - Securing POST /api/v1/quotes
2025-08-14 22:48:23 - Secured POST /api/v1/quotes
2025-08-14 22:48:23 - Mapped to com.autoinsurance.quote.controller.QuoteController#createQuote(QuoteRequestDto)
2025-08-14 22:48:23 - Read "application/json;charset=UTF-8" to [com.autoinsurance.quote.dto.QuoteRequestDto@3b719a7f]
2025-08-14 22:48:23 - 
    select
        q1_0.id,
        q1_0.coverage_amount,
        q1_0.created_at,
        q1_0.deductible,
        q1_0.monthly_premium,
        q1_0.premium,
        q1_0.primary_driver_license,
        q1_0.primary_driver_name,
        q1_0.valid_until,
        q1_0.vehicle_current_value,
        q1_0.vehicle_make,
        q1_0.vehicle_model,
        q1_0.vehicle_vin,
        q1_0.vehicle_year 
    from
        quotes q1_0 
    where
        q1_0.id=?
2025-08-14 22:48:23 - 
    insert 
    into
        quotes
        (coverage_amount, created_at, deductible, monthly_premium, premium, primary_driver_license, primary_driver_name, valid_until, vehicle_current_value, vehicle_make, vehicle_model, vehicle_vin, vehicle_year, id) 
    values
        (?, ?, ?, ?, ?, ?, ?, ?, ?, ?, ?, ?, ?, ?)
2025-08-14 22:48:23 - Using 'application/json', given [*/*] and supported [application/json]
2025-08-14 22:48:23 - Writing [com.autoinsurance.quote.dto.QuoteResponseDto@6da693ff]
2025-08-14 22:48:23 - Set SecurityContextHolder to anonymous SecurityContext
2025-08-14 22:48:23 - Securing POST /api/v1/quotes
2025-08-14 22:48:23 - Secured POST /api/v1/quotes
2025-08-14 22:48:23 - Mapped to com.autoinsurance.quote.controller.QuoteController#createQuote(QuoteRequestDto)
2025-08-14 22:48:23 - Read "application/json;charset=UTF-8" to [com.autoinsurance.quote.dto.QuoteRequestDto@70f97cb5]
2025-08-14 22:48:23 - 
    select
        q1_0.id,
        q1_0.coverage_amount,
        q1_0.created_at,
        q1_0.deductible,
        q1_0.monthly_premium,
        q1_0.premium,
        q1_0.primary_driver_license,
        q1_0.primary_driver_name,
        q1_0.valid_until,
        q1_0.vehicle_current_value,
        q1_0.vehicle_make,
        q1_0.vehicle_model,
        q1_0.vehicle_vin,
        q1_0.vehicle_year 
    from
        quotes q1_0 
    where
        q1_0.id=?
2025-08-14 22:48:23 - 
    insert 
    into
        quotes
        (coverage_amount, created_at, deductible, monthly_premium, premium, primary_driver_license, primary_driver_name, valid_until, vehicle_current_value, vehicle_make, vehicle_model, vehicle_vin, vehicle_year, id) 
    values
        (?, ?, ?, ?, ?, ?, ?, ?, ?, ?, ?, ?, ?, ?)
2025-08-14 22:48:23 - Using 'application/json', given [*/*] and supported [application/json]
2025-08-14 22:48:23 - Writing [com.autoinsurance.quote.dto.QuoteResponseDto@3268b3a2]
2025-08-14 22:48:23 - Set SecurityContextHolder to anonymous SecurityContext
2025-08-14 22:48:23 - Securing POST /api/v1/quotes
2025-08-14 22:48:23 - Secured POST /api/v1/quotes
2025-08-14 22:48:23 - Mapped to com.autoinsurance.quote.controller.QuoteController#createQuote(QuoteRequestDto)
2025-08-14 22:48:23 - Read "application/json;charset=UTF-8" to [com.autoinsurance.quote.dto.QuoteRequestDto@74dc54d2]
2025-08-14 22:48:23 - 
    select
        q1_0.id,
        q1_0.coverage_amount,
        q1_0.created_at,
        q1_0.deductible,
        q1_0.monthly_premium,
        q1_0.premium,
        q1_0.primary_driver_license,
        q1_0.primary_driver_name,
        q1_0.valid_until,
        q1_0.vehicle_current_value,
        q1_0.vehicle_make,
        q1_0.vehicle_model,
        q1_0.vehicle_vin,
        q1_0.vehicle_year 
    from
        quotes q1_0 
    where
        q1_0.id=?
2025-08-14 22:48:23 - 
    insert 
    into
        quotes
        (coverage_amount, created_at, deductible, monthly_premium, premium, primary_driver_license, primary_driver_name, valid_until, vehicle_current_value, vehicle_make, vehicle_model, vehicle_vin, vehicle_year, id) 
    values
        (?, ?, ?, ?, ?, ?, ?, ?, ?, ?, ?, ?, ?, ?)
2025-08-14 22:48:23 - Using 'application/json', given [*/*] and supported [application/json]
2025-08-14 22:48:23 - Writing [com.autoinsurance.quote.dto.QuoteResponseDto@2b58d602]
2025-08-14 22:48:23 - Set SecurityContextHolder to anonymous SecurityContext
2025-08-14 22:48:23 - Securing POST /api/v1/quotes
2025-08-14 22:48:23 - Secured POST /api/v1/quotes
2025-08-14 22:48:23 - Mapped to com.autoinsurance.quote.controller.QuoteController#createQuote(QuoteRequestDto)
2025-08-14 22:48:23 - Read "application/json;charset=UTF-8" to [com.autoinsurance.quote.dto.QuoteRequestDto@6a45e330]
2025-08-14 22:48:23 - 
    select
        q1_0.id,
        q1_0.coverage_amount,
        q1_0.created_at,
        q1_0.deductible,
        q1_0.monthly_premium,
        q1_0.premium,
        q1_0.primary_driver_license,
        q1_0.primary_driver_name,
        q1_0.valid_until,
        q1_0.vehicle_current_value,
        q1_0.vehicle_make,
        q1_0.vehicle_model,
        q1_0.vehicle_vin,
        q1_0.vehicle_year 
    from
        quotes q1_0 
    where
        q1_0.id=?
2025-08-14 22:48:23 - 
    insert 
    into
        quotes
        (coverage_amount, created_at, deductible, monthly_premium, premium, primary_driver_license, primary_driver_name, valid_until, vehicle_current_value, vehicle_make, vehicle_model, vehicle_vin, vehicle_year, id) 
    values
        (?, ?, ?, ?, ?, ?, ?, ?, ?, ?, ?, ?, ?, ?)
2025-08-14 22:48:23 - Using 'application/json', given [*/*] and supported [application/json]
2025-08-14 22:48:23 - Writing [com.autoinsurance.quote.dto.QuoteResponseDto@269581f4]
2025-08-14 22:48:23 - Set SecurityContextHolder to anonymous SecurityContext
2025-08-14 22:48:23 - Securing POST /api/v1/quotes
2025-08-14 22:48:23 - Secured POST /api/v1/quotes
2025-08-14 22:48:23 - Mapped to com.autoinsurance.quote.controller.QuoteController#createQuote(QuoteRequestDto)
2025-08-14 22:48:23 - Read "application/json;charset=UTF-8" to [com.autoinsurance.quote.dto.QuoteRequestDto@4d1eeb73]
2025-08-14 22:48:23 - 
    select
        q1_0.id,
        q1_0.coverage_amount,
        q1_0.created_at,
        q1_0.deductible,
        q1_0.monthly_premium,
        q1_0.premium,
        q1_0.primary_driver_license,
        q1_0.primary_driver_name,
        q1_0.valid_until,
        q1_0.vehicle_current_value,
        q1_0.vehicle_make,
        q1_0.vehicle_model,
        q1_0.vehicle_vin,
        q1_0.vehicle_year 
    from
        quotes q1_0 
    where
        q1_0.id=?
2025-08-14 22:48:23 - 
    insert 
    into
        quotes
        (coverage_amount, created_at, deductible, monthly_premium, premium, primary_driver_license, primary_driver_name, valid_until, vehicle_current_value, vehicle_make, vehicle_model, vehicle_vin, vehicle_year, id) 
    values
        (?, ?, ?, ?, ?, ?, ?, ?, ?, ?, ?, ?, ?, ?)
2025-08-14 22:48:23 - Using 'application/json', given [*/*] and supported [application/json]
2025-08-14 22:48:23 - Writing [com.autoinsurance.quote.dto.QuoteResponseDto@90c807]
2025-08-14 22:48:23 - Set SecurityContextHolder to anonymous SecurityContext
2025-08-14 22:48:23 - Securing POST /api/v1/quotes
2025-08-14 22:48:23 - Secured POST /api/v1/quotes
2025-08-14 22:48:23 - Mapped to com.autoinsurance.quote.controller.QuoteController#createQuote(QuoteRequestDto)
2025-08-14 22:48:23 - Read "application/json;charset=UTF-8" to [com.autoinsurance.quote.dto.QuoteRequestDto@10d9550b]
2025-08-14 22:48:23 - 
    select
        q1_0.id,
        q1_0.coverage_amount,
        q1_0.created_at,
        q1_0.deductible,
        q1_0.monthly_premium,
        q1_0.premium,
        q1_0.primary_driver_license,
        q1_0.primary_driver_name,
        q1_0.valid_until,
        q1_0.vehicle_current_value,
        q1_0.vehicle_make,
        q1_0.vehicle_model,
        q1_0.vehicle_vin,
        q1_0.vehicle_year 
    from
        quotes q1_0 
    where
        q1_0.id=?
2025-08-14 22:48:23 - 
    insert 
    into
        quotes
        (coverage_amount, created_at, deductible, monthly_premium, premium, primary_driver_license, primary_driver_name, valid_until, vehicle_current_value, vehicle_make, vehicle_model, vehicle_vin, vehicle_year, id) 
    values
        (?, ?, ?, ?, ?, ?, ?, ?, ?, ?, ?, ?, ?, ?)
2025-08-14 22:48:23 - Using 'application/json', given [*/*] and supported [application/json]
2025-08-14 22:48:23 - Writing [com.autoinsurance.quote.dto.QuoteResponseDto@71c3c8fd]
2025-08-14 22:48:23 - Set SecurityContextHolder to anonymous SecurityContext
2025-08-14 22:48:23 - Securing POST /api/v1/quotes
2025-08-14 22:48:23 - Secured POST /api/v1/quotes
2025-08-14 22:48:23 - Mapped to com.autoinsurance.quote.controller.QuoteController#createQuote(QuoteRequestDto)
2025-08-14 22:48:23 - Read "application/json;charset=UTF-8" to [com.autoinsurance.quote.dto.QuoteRequestDto@d61cae0]
2025-08-14 22:48:23 - 
    select
        q1_0.id,
        q1_0.coverage_amount,
        q1_0.created_at,
        q1_0.deductible,
        q1_0.monthly_premium,
        q1_0.premium,
        q1_0.primary_driver_license,
        q1_0.primary_driver_name,
        q1_0.valid_until,
        q1_0.vehicle_current_value,
        q1_0.vehicle_make,
        q1_0.vehicle_model,
        q1_0.vehicle_vin,
        q1_0.vehicle_year 
    from
        quotes q1_0 
    where
        q1_0.id=?
2025-08-14 22:48:23 - 
    insert 
    into
        quotes
        (coverage_amount, created_at, deductible, monthly_premium, premium, primary_driver_license, primary_driver_name, valid_until, vehicle_current_value, vehicle_make, vehicle_model, vehicle_vin, vehicle_year, id) 
    values
        (?, ?, ?, ?, ?, ?, ?, ?, ?, ?, ?, ?, ?, ?)
2025-08-14 22:48:23 - Using 'application/json', given [*/*] and supported [application/json]
2025-08-14 22:48:23 - Writing [com.autoinsurance.quote.dto.QuoteResponseDto@71aba18d]
2025-08-14 22:48:23 - Set SecurityContextHolder to anonymous SecurityContext
Failure Recovery Test Results:
  Total Requests: 30
  Successful Requests: 25
  Failed Requests: 5
  Recovery Phase Requests: 15
  Overall Success Rate: 83.3%
  Recovery Phase Success: 100.0%
]]></system-out>
  </testcase>
</testsuite>