<?xml version="1.0" encoding="UTF-8"?>
<testsuite xmlns:xsi="http://www.w3.org/2001/XMLSchema-instance" xsi:noNamespaceSchemaLocation="https://maven.apache.org/surefire/maven-surefire-plugin/xsd/surefire-test-report-3.0.xsd" version="3.0" name="com.autoinsurance.compliance.ComplianceAndAuditTest" time="0.413" tests="9" errors="0" skipped="0" failures="0">
  <properties>
[...]
</properties>
  <testcase name="should_EnsureDataRetentionComplianceForQuoteRecords" classname="com.autoinsurance.compliance.ComplianceAndAuditTest" time="0.022">
    <system-out><![CDATA[2025-08-14 22:47:45 - Could not detect default configuration classes for test class [com.autoinsurance.compliance.ComplianceAndAuditTest]: ComplianceAndAuditTest does not declare any static, non-private, non-final, nested classes annotated with @Configuration.
2025-08-14 22:47:45 - Found @SpringBootConfiguration com.autoinsurance.AutoInsuranceApiApplication for test class com.autoinsurance.compliance.ComplianceAndAuditTest

  .   ____          _            __ _ _
 /\\ / ___'_ __ _ _(_)_ __  __ _ \ \ \ \
( ( )\___ | '_ | '_| | '_ \/ _` | \ \ \ \
 \\/  ___)| |_)| | | | | || (_| |  ) ) ) )
  '  |____| .__|_| |_|_| |_\__, | / / / /
 =========|_|==============|___/=/_/_/_/
&amp#27;[32m :: Spring Boot :: &amp#27;[39m              &amp#27;[2m (v3.2.0)&amp#27;[0;39m

2025-08-14 22:47:45 - 

Found multiple occurrences of org.json.JSONObject on the class path:

	jar:file:/Users/mvvkiran/.m2/repository/com/vaadin/external/google/android-json/0.0.20131108.vaadin1/android-json-0.0.20131108.vaadin1.jar!/org/json/JSONObject.class
	jar:file:/Users/mvvkiran/.m2/repository/org/json/json/20230227/json-20230227.jar!/org/json/JSONObject.class

You may wish to exclude one of them to ensure predictable runtime behavior

2025-08-14 22:47:45 - Starting ComplianceAndAuditTest using Java 24.0.2 with PID 39792 (started by mvvkiran in /Users/mvvkiran/Workspace/ExampleApplicationWithTDD)
2025-08-14 22:47:45 - Running with Spring Boot v3.2.0, Spring v6.1.1
2025-08-14 22:47:45 - No active profile set, falling back to 1 default profile: "default"
2025-08-14 22:47:45 - Refreshing org.springframework.web.context.support.GenericWebApplicationContext@78cd456a
2025-08-14 22:47:45 - Bootstrapping Spring Data JPA repositories in DEFAULT mode.
2025-08-14 22:47:45 - Finished Spring Data repository scanning in 3 ms. Found 1 JPA repository interface.
2025-08-14 22:47:45 - HHH000204: Processing PersistenceUnitInfo [name: default]
2025-08-14 22:47:45 - HHH000026: Second-level cache disabled
2025-08-14 22:47:45 - No LoadTimeWeaver setup: ignoring JPA class transformer
2025-08-14 22:47:45 - HikariPool-8 - Starting...
2025-08-14 22:47:45 - HikariPool-8 - Added connection conn97: url=jdbc:h2:mem:testdb_compliance user=SA
2025-08-14 22:47:45 - HikariPool-8 - Start completed.
2025-08-14 22:47:45 - HHH90000025: H2Dialect does not need to be specified explicitly using 'hibernate.dialect' (remove the property setting and it will be selected by default)
2025-08-14 22:47:45 - HHH000489: No JTA platform available (set 'hibernate.transaction.jta.platform' to enable JTA platform integration)
2025-08-14 22:47:45 - 
    drop table if exists quote_discounts cascade 
2025-08-14 22:47:45 - 
    drop table if exists quotes cascade 
2025-08-14 22:47:45 - 
    create table quote_discounts (
        discount_description varchar(255),
        quote_id varchar(255) not null
    )
2025-08-14 22:47:45 - 
    create table quotes (
        coverage_amount numeric(38,2) not null,
        deductible numeric(38,2) not null,
        monthly_premium numeric(38,2) not null,
        premium numeric(38,2) not null,
        valid_until date not null,
        vehicle_current_value numeric(38,2) not null,
        vehicle_year integer not null,
        created_at timestamp(6) not null,
        id varchar(255) not null,
        primary_driver_license varchar(255) not null,
        primary_driver_name varchar(255) not null,
        vehicle_make varchar(255) not null,
        vehicle_model varchar(255) not null,
        vehicle_vin varchar(255) not null,
        primary key (id)
    )
2025-08-14 22:47:45 - 
    alter table if exists quote_discounts 
       add constraint FK1h7jxtsqsdn673awsiyn0jarm 
       foreign key (quote_id) 
       references quotes
2025-08-14 22:47:45 - Initialized JPA EntityManagerFactory for persistence unit 'default'
2025-08-14 22:47:45 - Exposing 3 endpoint(s) beneath base path '/actuator'
2025-08-14 22:47:45 - spring.jpa.open-in-view is enabled by default. Therefore, database queries may be performed during view rendering. Explicitly configure spring.jpa.open-in-view to disable this warning
2025-08-14 22:47:45 - 

Using generated security password: fcfedb11-ad72-487b-95cd-51f704216412

This generated password is for development use only. Your security configuration must be updated before running your application in production.

2025-08-14 22:47:45 - 11 mappings in 'requestMappingHandlerMapping'
2025-08-14 22:47:45 - Patterns [/webjars/**, /**, /swagger-ui*/*swagger-initializer.js, /swagger-ui*/**] in 'resourceHandlerMapping'
2025-08-14 22:47:45 - Will secure any request with [org.springframework.security.web.session.DisableEncodeUrlFilter@63a9322, org.springframework.security.web.context.request.async.WebAsyncManagerIntegrationFilter@2cbee652, org.springframework.security.web.context.SecurityContextHolderFilter@268a1200, org.springframework.security.web.header.HeaderWriterFilter@4cd8cb91, org.springframework.web.filter.CorsFilter@29d11eb3, org.springframework.security.web.authentication.logout.LogoutFilter@53d48d84, org.springframework.security.web.savedrequest.RequestCacheAwareFilter@102cb91b, org.springframework.security.web.servletapi.SecurityContextHolderAwareRequestFilter@1ec9e26f, org.springframework.security.web.authentication.AnonymousAuthenticationFilter@64797d9d, org.springframework.security.web.access.ExceptionTranslationFilter@66534f5b, org.springframework.security.web.access.intercept.AuthorizationFilter@14a330d4]
2025-08-14 22:47:45 - ControllerAdvice beans: 0 @ModelAttribute, 0 @InitBinder, 1 RequestBodyAdvice, 1 ResponseBodyAdvice
2025-08-14 22:47:45 - ControllerAdvice beans: 2 @ExceptionHandler, 1 ResponseBodyAdvice
2025-08-14 22:47:46 - H2 console available at '/h2-console'. Database available at 'jdbc:h2:mem:testdb_compliance'
2025-08-14 22:47:46 - Filter 'webMvcObservationFilter' configured for use
2025-08-14 22:47:46 - Initializing Spring TestDispatcherServlet ''
2025-08-14 22:47:46 - Initializing Servlet ''
2025-08-14 22:47:46 - Completed initialization in 0 ms
2025-08-14 22:47:46 - Started ComplianceAndAuditTest in 0.338 seconds (process running for 10.195)
2025-08-14 22:47:46 - Securing POST /api/v1/quotes
2025-08-14 22:47:46 - Cache miss for REQUEST dispatch to '/api/v1/quotes' (previous null). Performing CorsConfiguration lookup. This is logged once only at WARN level, and every time at TRACE.
2025-08-14 22:47:46 - Secured POST /api/v1/quotes
2025-08-14 22:47:46 - Mapped to com.autoinsurance.quote.controller.QuoteController#createQuote(QuoteRequestDto)
2025-08-14 22:47:46 - Read "application/json;charset=UTF-8" to [com.autoinsurance.quote.dto.QuoteRequestDto@4469945b]
2025-08-14 22:47:46 - Creating new quote request
2025-08-14 22:47:46 - Starting quote generation process
2025-08-14 22:47:46 - Starting validation for quote request
2025-08-14 22:47:46 - Vehicle validation completed for VIN: 1HGFC2F53JA123456
2025-08-14 22:47:46 - Driver validation completed for: John Doe
2025-08-14 22:47:46 - Quote request validation completed successfully
2025-08-14 22:47:46 - Quote validation successful for vehicle VIN: 1HGFC2F53JA123456 and primary driver: John Doe
2025-08-14 22:47:46 - Calculating base premium for coverage amount: 100000.00
2025-08-14 22:47:46 - Calculating discounts for quote request
2025-08-14 22:47:46 - Calculating base premium for coverage amount: 100000.00
2025-08-14 22:47:46 - Applied safe driver discount for driver: John
2025-08-14 22:47:46 - Total discount applied: 15.00% ($78.3750) for quote
2025-08-14 22:47:46 - 
    select
        q1_0.id,
        q1_0.coverage_amount,
        q1_0.created_at,
        q1_0.deductible,
        q1_0.monthly_premium,
        q1_0.premium,
        q1_0.primary_driver_license,
        q1_0.primary_driver_name,
        q1_0.valid_until,
        q1_0.vehicle_current_value,
        q1_0.vehicle_make,
        q1_0.vehicle_model,
        q1_0.vehicle_vin,
        q1_0.vehicle_year 
    from
        quotes q1_0 
    where
        q1_0.id=?
2025-08-14 22:47:46 - 
    insert 
    into
        quotes
        (coverage_amount, created_at, deductible, monthly_premium, premium, primary_driver_license, primary_driver_name, valid_until, vehicle_current_value, vehicle_make, vehicle_model, vehicle_vin, vehicle_year, id) 
    values
        (?, ?, ?, ?, ?, ?, ?, ?, ?, ?, ?, ?, ?, ?)
2025-08-14 22:47:46 - 
    insert 
    into
        quote_discounts
        (quote_id, discount_description) 
    values
        (?, ?)
2025-08-14 22:47:46 - Quote successfully generated with ID: 234a0530-75c6-41ec-8ab6-8682c5e79513, premium: 444.12, VIN: 1HGFC2F53JA123456
2025-08-14 22:47:46 - Quote created with ID: 234a0530-75c6-41ec-8ab6-8682c5e79513 and premium: 444.12
2025-08-14 22:47:46 - Using 'application/json', given [*/*] and supported [application/json]
2025-08-14 22:47:46 - Writing [com.autoinsurance.quote.dto.QuoteResponseDto@ae7891d]
2025-08-14 22:47:46 - Set SecurityContextHolder to anonymous SecurityContext
2025-08-14 22:47:46 - Securing GET /api/v1/quotes/234a0530-75c6-41ec-8ab6-8682c5e79513
2025-08-14 22:47:46 - Secured GET /api/v1/quotes/234a0530-75c6-41ec-8ab6-8682c5e79513
2025-08-14 22:47:46 - Mapped to com.autoinsurance.quote.controller.QuoteController#getQuote(String)
2025-08-14 22:47:46 - Retrieving quote with ID: 234a0530-75c6-41ec-8ab6-8682c5e79513
2025-08-14 22:47:46 - Retrieving quote with ID: 234a0530-75c6-41ec-8ab6-8682c5e79513
2025-08-14 22:47:46 - 
    select
        q1_0.id,
        q1_0.coverage_amount,
        q1_0.created_at,
        q1_0.deductible,
        q1_0.monthly_premium,
        q1_0.premium,
        q1_0.primary_driver_license,
        q1_0.primary_driver_name,
        q1_0.valid_until,
        q1_0.vehicle_current_value,
        q1_0.vehicle_make,
        q1_0.vehicle_model,
        q1_0.vehicle_vin,
        q1_0.vehicle_year 
    from
        quotes q1_0 
    where
        q1_0.id=?
2025-08-14 22:47:46 - Quote retrieved successfully for ID: 234a0530-75c6-41ec-8ab6-8682c5e79513
2025-08-14 22:47:46 - Using 'application/json', given [application/json] and supported [application/json]
2025-08-14 22:47:46 - Writing [com.autoinsurance.quote.dto.QuoteResponseDto@53b028c9]
2025-08-14 22:47:46 - 
    select
        da1_0.quote_id,
        da1_0.discount_description 
    from
        quote_discounts da1_0 
    where
        da1_0.quote_id=?
2025-08-14 22:47:46 - Set SecurityContextHolder to anonymous SecurityContext
Data Retention Compliance:
  Quote ID: 234a0530-75c6-41ec-8ab6-8682c5e79513
  Created: Current timestamp
  Valid Until: 2025-09-13
  ✓ Quote accessible during validity period
  ✓ Data retention period: 30 days from now
  ✓ Compliance with quote record retention requirements
]]></system-out>
  </testcase>
  <testcase name="should_EnforceQuoteValidityPeriodsForRegulatoryCompliance" classname="com.autoinsurance.compliance.ComplianceAndAuditTest" time="0.004">
    <system-out><![CDATA[2025-08-14 22:47:46 - Securing POST /api/v1/quotes
2025-08-14 22:47:46 - Secured POST /api/v1/quotes
2025-08-14 22:47:46 - Mapped to com.autoinsurance.quote.controller.QuoteController#createQuote(QuoteRequestDto)
2025-08-14 22:47:46 - Read "application/json;charset=UTF-8" to [com.autoinsurance.quote.dto.QuoteRequestDto@1e540834]
2025-08-14 22:47:46 - Creating new quote request
2025-08-14 22:47:46 - Starting quote generation process
2025-08-14 22:47:46 - Starting validation for quote request
2025-08-14 22:47:46 - Vehicle validation completed for VIN: 1HGFC2F53JA123456
2025-08-14 22:47:46 - Driver validation completed for: John Doe
2025-08-14 22:47:46 - Quote request validation completed successfully
2025-08-14 22:47:46 - Quote validation successful for vehicle VIN: 1HGFC2F53JA123456 and primary driver: John Doe
2025-08-14 22:47:46 - Calculating base premium for coverage amount: 100000.00
2025-08-14 22:47:46 - Calculating discounts for quote request
2025-08-14 22:47:46 - Calculating base premium for coverage amount: 100000.00
2025-08-14 22:47:46 - Applied safe driver discount for driver: John
2025-08-14 22:47:46 - Total discount applied: 15.00% ($78.3750) for quote
2025-08-14 22:47:46 - 
    select
        q1_0.id,
        q1_0.coverage_amount,
        q1_0.created_at,
        q1_0.deductible,
        q1_0.monthly_premium,
        q1_0.premium,
        q1_0.primary_driver_license,
        q1_0.primary_driver_name,
        q1_0.valid_until,
        q1_0.vehicle_current_value,
        q1_0.vehicle_make,
        q1_0.vehicle_model,
        q1_0.vehicle_vin,
        q1_0.vehicle_year 
    from
        quotes q1_0 
    where
        q1_0.id=?
2025-08-14 22:47:46 - 
    insert 
    into
        quotes
        (coverage_amount, created_at, deductible, monthly_premium, premium, primary_driver_license, primary_driver_name, valid_until, vehicle_current_value, vehicle_make, vehicle_model, vehicle_vin, vehicle_year, id) 
    values
        (?, ?, ?, ?, ?, ?, ?, ?, ?, ?, ?, ?, ?, ?)
2025-08-14 22:47:46 - 
    insert 
    into
        quote_discounts
        (quote_id, discount_description) 
    values
        (?, ?)
2025-08-14 22:47:46 - Quote successfully generated with ID: 00d41ca7-2e12-4fd1-b6aa-a3143483456c, premium: 444.12, VIN: 1HGFC2F53JA123456
2025-08-14 22:47:46 - Quote created with ID: 00d41ca7-2e12-4fd1-b6aa-a3143483456c and premium: 444.12
2025-08-14 22:47:46 - Using 'application/json', given [*/*] and supported [application/json]
2025-08-14 22:47:46 - Writing [com.autoinsurance.quote.dto.QuoteResponseDto@2e6634b1]
2025-08-14 22:47:46 - Set SecurityContextHolder to anonymous SecurityContext
Quote Validity Compliance:
  Quote Generated: 2025-08-14
  Valid Until: 2025-09-13
  Validity Period: 30 days
  ✓ Quote validity period within regulatory limits
  ✓ Expiration date properly set
]]></system-out>
  </testcase>
  <testcase name="should_EnsureApiResponseConsistencyAndStandardsCompliance" classname="com.autoinsurance.compliance.ComplianceAndAuditTest" time="0.01">
    <system-out><![CDATA[2025-08-14 22:47:46 - Securing POST /api/v1/quotes
2025-08-14 22:47:46 - Secured POST /api/v1/quotes
2025-08-14 22:47:46 - Mapped to com.autoinsurance.quote.controller.QuoteController#createQuote(QuoteRequestDto)
2025-08-14 22:47:46 - Read "application/json;charset=UTF-8" to [com.autoinsurance.quote.dto.QuoteRequestDto@2b526d79]
2025-08-14 22:47:46 - Creating new quote request
2025-08-14 22:47:46 - Starting quote generation process
2025-08-14 22:47:46 - Starting validation for quote request
2025-08-14 22:47:46 - Vehicle validation completed for VIN: 1HGFC2F53JA123456
2025-08-14 22:47:46 - Driver validation completed for: John Doe
2025-08-14 22:47:46 - Quote request validation completed successfully
2025-08-14 22:47:46 - Quote validation successful for vehicle VIN: 1HGFC2F53JA123456 and primary driver: John Doe
2025-08-14 22:47:46 - Calculating base premium for coverage amount: 100000.00
2025-08-14 22:47:46 - Calculating discounts for quote request
2025-08-14 22:47:46 - Calculating base premium for coverage amount: 100000.00
2025-08-14 22:47:46 - Applied safe driver discount for driver: John
2025-08-14 22:47:46 - Total discount applied: 15.00% ($78.3750) for quote
2025-08-14 22:47:46 - 
    select
        q1_0.id,
        q1_0.coverage_amount,
        q1_0.created_at,
        q1_0.deductible,
        q1_0.monthly_premium,
        q1_0.premium,
        q1_0.primary_driver_license,
        q1_0.primary_driver_name,
        q1_0.valid_until,
        q1_0.vehicle_current_value,
        q1_0.vehicle_make,
        q1_0.vehicle_model,
        q1_0.vehicle_vin,
        q1_0.vehicle_year 
    from
        quotes q1_0 
    where
        q1_0.id=?
2025-08-14 22:47:46 - 
    insert 
    into
        quotes
        (coverage_amount, created_at, deductible, monthly_premium, premium, primary_driver_license, primary_driver_name, valid_until, vehicle_current_value, vehicle_make, vehicle_model, vehicle_vin, vehicle_year, id) 
    values
        (?, ?, ?, ?, ?, ?, ?, ?, ?, ?, ?, ?, ?, ?)
2025-08-14 22:47:46 - 
    insert 
    into
        quote_discounts
        (quote_id, discount_description) 
    values
        (?, ?)
2025-08-14 22:47:46 - Quote successfully generated with ID: b65d4bb9-7a46-4c7d-9cbc-43e6e793db13, premium: 444.12, VIN: 1HGFC2F53JA123456
2025-08-14 22:47:46 - Quote created with ID: b65d4bb9-7a46-4c7d-9cbc-43e6e793db13 and premium: 444.12
2025-08-14 22:47:46 - Using 'application/json', given [*/*] and supported [application/json]
2025-08-14 22:47:46 - Writing [com.autoinsurance.quote.dto.QuoteResponseDto@70f43d38]
2025-08-14 22:47:46 - Set SecurityContextHolder to anonymous SecurityContext
2025-08-14 22:47:46 - Securing POST /api/v1/quotes
2025-08-14 22:47:46 - Secured POST /api/v1/quotes
2025-08-14 22:47:46 - Mapped to com.autoinsurance.quote.controller.QuoteController#createQuote(QuoteRequestDto)
2025-08-14 22:47:46 - Read "application/json;charset=UTF-8" to [com.autoinsurance.quote.dto.QuoteRequestDto@3536f638]
2025-08-14 22:47:46 - Creating new quote request
2025-08-14 22:47:46 - Starting quote generation process
2025-08-14 22:47:46 - Starting validation for quote request
2025-08-14 22:47:46 - Vehicle validation completed for VIN: 1HGFC2F53JA123456
2025-08-14 22:47:46 - Driver validation completed for: John Doe
2025-08-14 22:47:46 - Quote request validation completed successfully
2025-08-14 22:47:46 - Quote validation successful for vehicle VIN: 1HGFC2F53JA123456 and primary driver: John Doe
2025-08-14 22:47:46 - Calculating base premium for coverage amount: 100000.00
2025-08-14 22:47:46 - Calculating discounts for quote request
2025-08-14 22:47:46 - Calculating base premium for coverage amount: 100000.00
2025-08-14 22:47:46 - Applied safe driver discount for driver: John
2025-08-14 22:47:46 - Total discount applied: 15.00% ($78.3750) for quote
2025-08-14 22:47:46 - 
    select
        q1_0.id,
        q1_0.coverage_amount,
        q1_0.created_at,
        q1_0.deductible,
        q1_0.monthly_premium,
        q1_0.premium,
        q1_0.primary_driver_license,
        q1_0.primary_driver_name,
        q1_0.valid_until,
        q1_0.vehicle_current_value,
        q1_0.vehicle_make,
        q1_0.vehicle_model,
        q1_0.vehicle_vin,
        q1_0.vehicle_year 
    from
        quotes q1_0 
    where
        q1_0.id=?
2025-08-14 22:47:46 - 
    insert 
    into
        quotes
        (coverage_amount, created_at, deductible, monthly_premium, premium, primary_driver_license, primary_driver_name, valid_until, vehicle_current_value, vehicle_make, vehicle_model, vehicle_vin, vehicle_year, id) 
    values
        (?, ?, ?, ?, ?, ?, ?, ?, ?, ?, ?, ?, ?, ?)
2025-08-14 22:47:46 - 
    insert 
    into
        quote_discounts
        (quote_id, discount_description) 
    values
        (?, ?)
2025-08-14 22:47:46 - Quote successfully generated with ID: 6a1beb23-d124-4a4a-b2d3-02fafaaf719a, premium: 444.12, VIN: 1HGFC2F53JA123456
2025-08-14 22:47:46 - Quote created with ID: 6a1beb23-d124-4a4a-b2d3-02fafaaf719a and premium: 444.12
2025-08-14 22:47:46 - Using 'application/json', given [*/*] and supported [application/json]
2025-08-14 22:47:46 - Writing [com.autoinsurance.quote.dto.QuoteResponseDto@672a3482]
2025-08-14 22:47:46 - Set SecurityContextHolder to anonymous SecurityContext
2025-08-14 22:47:46 - Securing POST /api/v1/quotes
2025-08-14 22:47:46 - Secured POST /api/v1/quotes
2025-08-14 22:47:46 - Mapped to com.autoinsurance.quote.controller.QuoteController#createQuote(QuoteRequestDto)
2025-08-14 22:47:46 - Read "application/json;charset=UTF-8" to [com.autoinsurance.quote.dto.QuoteRequestDto@10809a26]
2025-08-14 22:47:46 - Creating new quote request
2025-08-14 22:47:46 - Starting quote generation process
2025-08-14 22:47:46 - Starting validation for quote request
2025-08-14 22:47:46 - Vehicle validation completed for VIN: 1HGFC2F53JA123456
2025-08-14 22:47:46 - Driver validation completed for: John Doe
2025-08-14 22:47:46 - Quote request validation completed successfully
2025-08-14 22:47:46 - Quote validation successful for vehicle VIN: 1HGFC2F53JA123456 and primary driver: John Doe
2025-08-14 22:47:46 - Calculating base premium for coverage amount: 100000.00
2025-08-14 22:47:46 - Calculating discounts for quote request
2025-08-14 22:47:46 - Calculating base premium for coverage amount: 100000.00
2025-08-14 22:47:46 - Applied safe driver discount for driver: John
2025-08-14 22:47:46 - Total discount applied: 15.00% ($78.3750) for quote
2025-08-14 22:47:46 - 
    select
        q1_0.id,
        q1_0.coverage_amount,
        q1_0.created_at,
        q1_0.deductible,
        q1_0.monthly_premium,
        q1_0.premium,
        q1_0.primary_driver_license,
        q1_0.primary_driver_name,
        q1_0.valid_until,
        q1_0.vehicle_current_value,
        q1_0.vehicle_make,
        q1_0.vehicle_model,
        q1_0.vehicle_vin,
        q1_0.vehicle_year 
    from
        quotes q1_0 
    where
        q1_0.id=?
2025-08-14 22:47:46 - 
    insert 
    into
        quotes
        (coverage_amount, created_at, deductible, monthly_premium, premium, primary_driver_license, primary_driver_name, valid_until, vehicle_current_value, vehicle_make, vehicle_model, vehicle_vin, vehicle_year, id) 
    values
        (?, ?, ?, ?, ?, ?, ?, ?, ?, ?, ?, ?, ?, ?)
2025-08-14 22:47:46 - 
    insert 
    into
        quote_discounts
        (quote_id, discount_description) 
    values
        (?, ?)
2025-08-14 22:47:46 - Quote successfully generated with ID: ac2e2206-b4eb-459b-bc72-8a3a992185a8, premium: 444.12, VIN: 1HGFC2F53JA123456
2025-08-14 22:47:46 - Quote created with ID: ac2e2206-b4eb-459b-bc72-8a3a992185a8 and premium: 444.12
2025-08-14 22:47:46 - Using 'application/json', given [*/*] and supported [application/json]
2025-08-14 22:47:46 - Writing [com.autoinsurance.quote.dto.QuoteResponseDto@5f21b13d]
2025-08-14 22:47:46 - Set SecurityContextHolder to anonymous SecurityContext
API Response Standards Compliance:
  Quote 1 ID: b65d4bb9...
  ✓ Consistent JSON structure
  ✓ Required fields present
  Quote 2 ID: 6a1beb23...
  ✓ Consistent JSON structure
  ✓ Required fields present
  Quote 3 ID: ac2e2206...
  ✓ Consistent JSON structure
  ✓ Required fields present
  ✓ Unique quote IDs generated
]]></system-out>
  </testcase>
  <testcase name="should_HandleErrorResponsesInComplianceWithStandards" classname="com.autoinsurance.compliance.ComplianceAndAuditTest" time="0.005">
    <system-out><![CDATA[2025-08-14 22:47:46 - Securing POST /api/v1/quotes
2025-08-14 22:47:46 - Secured POST /api/v1/quotes
2025-08-14 22:47:46 - Mapped to com.autoinsurance.quote.controller.QuoteController#createQuote(QuoteRequestDto)
2025-08-14 22:47:46 - Read "application/json;charset=UTF-8" to [com.autoinsurance.quote.dto.QuoteRequestDto@749dcfb4]
2025-08-14 22:47:46 - Using @ExceptionHandler com.autoinsurance.common.exception.GlobalExceptionHandler#handleValidationErrors(MethodArgumentNotValidException)
2025-08-14 22:47:46 - Validation error: Validation failed for argument [0] in public org.springframework.http.ResponseEntity<com.autoinsurance.quote.dto.QuoteResponseDto> com.autoinsurance.quote.controller.QuoteController.createQuote(com.autoinsurance.quote.dto.QuoteRequestDto) with 4 errors: [Field error in object 'quoteRequestDto' on field 'deductible': rejected value [null]; codes [NotNull.quoteRequestDto.deductible,NotNull.deductible,NotNull.java.math.BigDecimal,NotNull]; arguments [org.springframework.context.support.DefaultMessageSourceResolvable: codes [quoteRequestDto.deductible,deductible]; arguments []; default message [deductible]]; default message [Deductible is required]] [Field error in object 'quoteRequestDto' on field 'drivers': rejected value [null]; codes [NotEmpty.quoteRequestDto.drivers,NotEmpty.drivers,NotEmpty.java.util.List,NotEmpty]; arguments [org.springframework.context.support.DefaultMessageSourceResolvable: codes [quoteRequestDto.drivers,drivers]; arguments []; default message [drivers]]; default message [At least one driver is required]] [Field error in object 'quoteRequestDto' on field 'coverageAmount': rejected value [null]; codes [NotNull.quoteRequestDto.coverageAmount,NotNull.coverageAmount,NotNull.java.math.BigDecimal,NotNull]; arguments [org.springframework.context.support.DefaultMessageSourceResolvable: codes [quoteRequestDto.coverageAmount,coverageAmount]; arguments []; default message [coverageAmount]]; default message [Coverage amount is required]] [Field error in object 'quoteRequestDto' on field 'vehicle': rejected value [null]; codes [NotNull.quoteRequestDto.vehicle,NotNull.vehicle,NotNull.com.autoinsurance.quote.dto.VehicleDto,NotNull]; arguments [org.springframework.context.support.DefaultMessageSourceResolvable: codes [quoteRequestDto.vehicle,vehicle]; arguments []; default message [vehicle]]; default message [Vehicle information is required]] 
2025-08-14 22:47:46 - Using 'application/json', given [*/*] and supported [application/json, application/*+json]
2025-08-14 22:47:46 - Writing [{message=deductible: Deductible is required; drivers: At least one driver is required; coverageAmoun (truncated)...]
2025-08-14 22:47:46 - Resolved [org.springframework.web.bind.MethodArgumentNotValidException: Validation failed for argument [0] in public org.springframework.http.ResponseEntity<com.autoinsurance.quote.dto.QuoteResponseDto> com.autoinsurance.quote.controller.QuoteController.createQuote(com.autoinsurance.quote.dto.QuoteRequestDto) with 4 errors: [Field error in object 'quoteRequestDto' on field 'deductible': rejected value [null]; codes [NotNull.quoteRequestDto.deductible,NotNull.deductible,NotNull.java.math.BigDecimal,NotNull]; arguments [org.springframework.context.support.DefaultMessageSourceResolvable: codes [quoteRequestDto.deductible,deductible]; arguments []; default message [deductible]]; default message [Deductible is required]] [Field error in object 'quoteRequestDto' on field 'drivers': rejected value [null]; codes [NotEmpty.quoteRequestDto.drivers,NotEmpty.drivers,NotEmpty.java.util.List,NotEmpty]; arguments [org.springframework.context.support.DefaultMessageSourceResolvable: codes [quoteRequestDto.drivers,drivers]; arguments []; default message [drivers]]; default message [At least one driver is required]] [Field error in object 'quoteRequestDto' on field 'coverageAmount': rejected value [null]; codes [NotNull.quoteRequestDto.coverageAmount,NotNull.coverageAmount,NotNull.java.math.BigDecimal,NotNull]; arguments [org.springframework.context.support.DefaultMessageSourceResolvable: codes [quoteRequestDto.coverageAmount,coverageAmount]; arguments []; default message [coverageAmount]]; default message [Coverage amount is required]] [Field error in object 'quoteRequestDto' on field 'vehicle': rejected value [null]; codes [NotNull.quoteRequestDto.vehicle,NotNull.vehicle,NotNull.com.autoinsurance.quote.dto.VehicleDto,NotNull]; arguments [org.springframework.context.support.DefaultMessageSourceResolvable: codes [quoteRequestDto.vehicle,vehicle]; arguments []; default message [vehicle]]; default message [Vehicle information is required]] ]
2025-08-14 22:47:46 - Set SecurityContextHolder to anonymous SecurityContext
Error Response Compliance Check 1:
  Request: {}
  Response: {"message":"deductible: Deductible is required; drivers: At least one driver is required; coverageAmount: Coverage amount is required; vehicle: Vehicle information is required; ","timestamp":1755191866078,"errorCode":"VALIDATION_ERROR"}
  ✓ Standardized error format
  ✓ No internal implementation details exposed
2025-08-14 22:47:46 - Securing POST /api/v1/quotes
2025-08-14 22:47:46 - Secured POST /api/v1/quotes
2025-08-14 22:47:46 - Mapped to com.autoinsurance.quote.controller.QuoteController#createQuote(QuoteRequestDto)
2025-08-14 22:47:46 - Read "application/json;charset=UTF-8" to [com.autoinsurance.quote.dto.QuoteRequestDto@2f597bef]
2025-08-14 22:47:46 - Using @ExceptionHandler com.autoinsurance.common.exception.GlobalExceptionHandler#handleValidationErrors(MethodArgumentNotValidException)
2025-08-14 22:47:46 - Validation error: Validation failed for argument [0] in public org.springframework.http.ResponseEntity<com.autoinsurance.quote.dto.QuoteResponseDto> com.autoinsurance.quote.controller.QuoteController.createQuote(com.autoinsurance.quote.dto.QuoteRequestDto) with 4 errors: [Field error in object 'quoteRequestDto' on field 'vehicle': rejected value [null]; codes [NotNull.quoteRequestDto.vehicle,NotNull.vehicle,NotNull.com.autoinsurance.quote.dto.VehicleDto,NotNull]; arguments [org.springframework.context.support.DefaultMessageSourceResolvable: codes [quoteRequestDto.vehicle,vehicle]; arguments []; default message [vehicle]]; default message [Vehicle information is required]] [Field error in object 'quoteRequestDto' on field 'coverageAmount': rejected value [null]; codes [NotNull.quoteRequestDto.coverageAmount,NotNull.coverageAmount,NotNull.java.math.BigDecimal,NotNull]; arguments [org.springframework.context.support.DefaultMessageSourceResolvable: codes [quoteRequestDto.coverageAmount,coverageAmount]; arguments []; default message [coverageAmount]]; default message [Coverage amount is required]] [Field error in object 'quoteRequestDto' on field 'deductible': rejected value [null]; codes [NotNull.quoteRequestDto.deductible,NotNull.deductible,NotNull.java.math.BigDecimal,NotNull]; arguments [org.springframework.context.support.DefaultMessageSourceResolvable: codes [quoteRequestDto.deductible,deductible]; arguments []; default message [deductible]]; default message [Deductible is required]] [Field error in object 'quoteRequestDto' on field 'drivers': rejected value [null]; codes [NotEmpty.quoteRequestDto.drivers,NotEmpty.drivers,NotEmpty.java.util.List,NotEmpty]; arguments [org.springframework.context.support.DefaultMessageSourceResolvable: codes [quoteRequestDto.drivers,drivers]; arguments []; default message [drivers]]; default message [At least one driver is required]] 
2025-08-14 22:47:46 - Using 'application/json', given [*/*] and supported [application/json, application/*+json]
2025-08-14 22:47:46 - Writing [{message=vehicle: Vehicle information is required; coverageAmount: Coverage amount is required; dedu (truncated)...]
2025-08-14 22:47:46 - Resolved [org.springframework.web.bind.MethodArgumentNotValidException: Validation failed for argument [0] in public org.springframework.http.ResponseEntity<com.autoinsurance.quote.dto.QuoteResponseDto> com.autoinsurance.quote.controller.QuoteController.createQuote(com.autoinsurance.quote.dto.QuoteRequestDto) with 4 errors: [Field error in object 'quoteRequestDto' on field 'vehicle': rejected value [null]; codes [NotNull.quoteRequestDto.vehicle,NotNull.vehicle,NotNull.com.autoinsurance.quote.dto.VehicleDto,NotNull]; arguments [org.springframework.context.support.DefaultMessageSourceResolvable: codes [quoteRequestDto.vehicle,vehicle]; arguments []; default message [vehicle]]; default message [Vehicle information is required]] [Field error in object 'quoteRequestDto' on field 'coverageAmount': rejected value [null]; codes [NotNull.quoteRequestDto.coverageAmount,NotNull.coverageAmount,NotNull.java.math.BigDecimal,NotNull]; arguments [org.springframework.context.support.DefaultMessageSourceResolvable: codes [quoteRequestDto.coverageAmount,coverageAmount]; arguments []; default message [coverageAmount]]; default message [Coverage amount is required]] [Field error in object 'quoteRequestDto' on field 'deductible': rejected value [null]; codes [NotNull.quoteRequestDto.deductible,NotNull.deductible,NotNull.java.math.BigDecimal,NotNull]; arguments [org.springframework.context.support.DefaultMessageSourceResolvable: codes [quoteRequestDto.deductible,deductible]; arguments []; default message [deductible]]; default message [Deductible is required]] [Field error in object 'quoteRequestDto' on field 'drivers': rejected value [null]; codes [NotEmpty.quoteRequestDto.drivers,NotEmpty.drivers,NotEmpty.java.util.List,NotEmpty]; arguments [org.springframework.context.support.DefaultMessageSourceResolvable: codes [quoteRequestDto.drivers,drivers]; arguments []; default message [drivers]]; default message [At least one driver is required]] ]
2025-08-14 22:47:46 - Set SecurityContextHolder to anonymous SecurityContext
Error Response Compliance Check 2:
  Request: {"vehicle": null}
  Response: {"message":"vehicle: Vehicle information is required; coverageAmount: Coverage amount is required; deductible: Deductible is required; drivers: At least one driver is required; ","timestamp":1755191866080,"errorCode":"VALIDATION_ERROR"}
  ✓ Standardized error format
  ✓ No internal implementation details exposed
2025-08-14 22:47:46 - Securing POST /api/v1/quotes
2025-08-14 22:47:46 - Secured POST /api/v1/quotes
2025-08-14 22:47:46 - Mapped to com.autoinsurance.quote.controller.QuoteController#createQuote(QuoteRequestDto)
2025-08-14 22:47:46 - Read "application/json;charset=UTF-8" to [com.autoinsurance.quote.dto.QuoteRequestDto@169ea402]
2025-08-14 22:47:46 - Using @ExceptionHandler com.autoinsurance.common.exception.GlobalExceptionHandler#handleValidationErrors(MethodArgumentNotValidException)
2025-08-14 22:47:46 - Validation error: Validation failed for argument [0] in public org.springframework.http.ResponseEntity<com.autoinsurance.quote.dto.QuoteResponseDto> com.autoinsurance.quote.controller.QuoteController.createQuote(com.autoinsurance.quote.dto.QuoteRequestDto) with 8 errors: [Field error in object 'quoteRequestDto' on field 'vehicle.model': rejected value [null]; codes [NotBlank.quoteRequestDto.vehicle.model,NotBlank.vehicle.model,NotBlank.model,NotBlank.java.lang.String,NotBlank]; arguments [org.springframework.context.support.DefaultMessageSourceResolvable: codes [quoteRequestDto.vehicle.model,vehicle.model]; arguments []; default message [vehicle.model]]; default message [Vehicle model is required]] [Field error in object 'quoteRequestDto' on field 'coverageAmount': rejected value [null]; codes [NotNull.quoteRequestDto.coverageAmount,NotNull.coverageAmount,NotNull.java.math.BigDecimal,NotNull]; arguments [org.springframework.context.support.DefaultMessageSourceResolvable: codes [quoteRequestDto.coverageAmount,coverageAmount]; arguments []; default message [coverageAmount]]; default message [Coverage amount is required]] [Field error in object 'quoteRequestDto' on field 'vehicle.vin': rejected value [null]; codes [NotBlank.quoteRequestDto.vehicle.vin,NotBlank.vehicle.vin,NotBlank.vin,NotBlank.java.lang.String,NotBlank]; arguments [org.springframework.context.support.DefaultMessageSourceResolvable: codes [quoteRequestDto.vehicle.vin,vehicle.vin]; arguments []; default message [vehicle.vin]]; default message [VIN is required]] [Field error in object 'quoteRequestDto' on field 'vehicle.year': rejected value [null]; codes [NotNull.quoteRequestDto.vehicle.year,NotNull.vehicle.year,NotNull.year,NotNull.java.lang.Integer,NotNull]; arguments [org.springframework.context.support.DefaultMessageSourceResolvable: codes [quoteRequestDto.vehicle.year,vehicle.year]; arguments []; default message [vehicle.year]]; default message [Vehicle year is required]] [Field error in object 'quoteRequestDto' on field 'drivers': rejected value [[]]; codes [NotEmpty.quoteRequestDto.drivers,NotEmpty.drivers,NotEmpty.java.util.List,NotEmpty]; arguments [org.springframework.context.support.DefaultMessageSourceResolvable: codes [quoteRequestDto.drivers,drivers]; arguments []; default message [drivers]]; default message [At least one driver is required]] [Field error in object 'quoteRequestDto' on field 'vehicle.currentValue': rejected value [null]; codes [NotNull.quoteRequestDto.vehicle.currentValue,NotNull.vehicle.currentValue,NotNull.currentValue,NotNull.java.math.BigDecimal,NotNull]; arguments [org.springframework.context.support.DefaultMessageSourceResolvable: codes [quoteRequestDto.vehicle.currentValue,vehicle.currentValue]; arguments []; default message [vehicle.currentValue]]; default message [Vehicle current value is required]] [Field error in object 'quoteRequestDto' on field 'deductible': rejected value [null]; codes [NotNull.quoteRequestDto.deductible,NotNull.deductible,NotNull.java.math.BigDecimal,NotNull]; arguments [org.springframework.context.support.DefaultMessageSourceResolvable: codes [quoteRequestDto.deductible,deductible]; arguments []; default message [deductible]]; default message [Deductible is required]] [Field error in object 'quoteRequestDto' on field 'vehicle.make': rejected value [null]; codes [NotBlank.quoteRequestDto.vehicle.make,NotBlank.vehicle.make,NotBlank.make,NotBlank.java.lang.String,NotBlank]; arguments [org.springframework.context.support.DefaultMessageSourceResolvable: codes [quoteRequestDto.vehicle.make,vehicle.make]; arguments []; default message [vehicle.make]]; default message [Vehicle make is required]] 
2025-08-14 22:47:46 - Using 'application/json', given [*/*] and supported [application/json, application/*+json]
2025-08-14 22:47:46 - Writing [{message=vehicle.model: Vehicle model is required; coverageAmount: Coverage amount is required; vehi (truncated)...]
2025-08-14 22:47:46 - Resolved [org.springframework.web.bind.MethodArgumentNotValidException: Validation failed for argument [0] in public org.springframework.http.ResponseEntity<com.autoinsurance.quote.dto.QuoteResponseDto> com.autoinsurance.quote.controller.QuoteController.createQuote(com.autoinsurance.quote.dto.QuoteRequestDto) with 8 errors: [Field error in object 'quoteRequestDto' on field 'vehicle.model': rejected value [null]; codes [NotBlank.quoteRequestDto.vehicle.model,NotBlank.vehicle.model,NotBlank.model,NotBlank.java.lang.String,NotBlank]; arguments [org.springframework.context.support.DefaultMessageSourceResolvable: codes [quoteRequestDto.vehicle.model,vehicle.model]; arguments []; default message [vehicle.model]]; default message [Vehicle model is required]] [Field error in object 'quoteRequestDto' on field 'coverageAmount': rejected value [null]; codes [NotNull.quoteRequestDto.coverageAmount,NotNull.coverageAmount,NotNull.java.math.BigDecimal,NotNull]; arguments [org.springframework.context.support.DefaultMessageSourceResolvable: codes [quoteRequestDto.coverageAmount,coverageAmount]; arguments []; default message [coverageAmount]]; default message [Coverage amount is required]] [Field error in object 'quoteRequestDto' on field 'vehicle.vin': rejected value [null]; codes [NotBlank.quoteRequestDto.vehicle.vin,NotBlank.vehicle.vin,NotBlank.vin,NotBlank.java.lang.String,NotBlank]; arguments [org.springframework.context.support.DefaultMessageSourceResolvable: codes [quoteRequestDto.vehicle.vin,vehicle.vin]; arguments []; default message [vehicle.vin]]; default message [VIN is required]] [Field error in object 'quoteRequestDto' on field 'vehicle.year': rejected value [null]; codes [NotNull.quoteRequestDto.vehicle.year,NotNull.vehicle.year,NotNull.year,NotNull.java.lang.Integer,NotNull]; arguments [org.springframework.context.support.DefaultMessageSourceResolvable: codes [quoteRequestDto.vehicle.year,vehicle.year]; arguments []; default message [vehicle.year]]; default message [Vehicle year is required]] [Field error in object 'quoteRequestDto' on field 'drivers': rejected value [[]]; codes [NotEmpty.quoteRequestDto.drivers,NotEmpty.drivers,NotEmpty.java.util.List,NotEmpty]; arguments [org.springframework.context.support.DefaultMessageSourceResolvable: codes [quoteRequestDto.drivers,drivers]; arguments []; default message [drivers]]; default message [At least one driver is required]] [Field error in object 'quoteRequestDto' on field 'vehicle.currentValue': rejected value [null]; codes [NotNull.quoteRequestDto.vehicle.currentValue,NotNull.vehicle.currentValue,NotNull.currentValue,NotNull.java.math.BigDecimal,NotNull]; arguments [org.springframework.context.support.DefaultMessageSourceResolvable: codes [quoteRequestDto.vehicle.currentValue,vehicle.currentValue]; arguments []; default message [vehicle.currentValue]]; default message [Vehicle current value is required]] [Field error in object 'quoteRequestDto' on field 'deductible': rejected value [null]; codes [NotNull.quoteRequestDto.deductible,NotNull.deductible,NotNull.java.math.BigDecimal,NotNull]; arguments [org.springframework.context.support.DefaultMessageSourceResolvable: codes [quoteRequestDto.deductible,deductible]; arguments []; default message [deductible]]; default message [Deductible is required]] [Field error in object 'quoteRequestDto' on field 'vehicle.make': rejected value [null]; codes [NotBlank.quoteRequestDto.vehicle.make,NotBlank.vehicle.make,NotBlank.make,NotBlank.java.lang.String,NotBlank]; arguments [org.springframework.context.support.DefaultMessageSourceResolvable: codes [quoteRequestDto.vehicle.make,vehicle.make]; arguments []; default message [vehicle.make]]; default message [Vehicle make is required]] ]
2025-08-14 22:47:46 - Set SecurityContextHolder to anonymous SecurityContext
Error Response Compliance Check 3:
  Request: {"vehicle": {}, "drivers": []}
  Response: {"message":"vehicle.model: Vehicle model is required; coverageAmount: Coverage amount is required; vehicle.vin: VIN is required; vehicle.year: Vehicle year is required; drivers: At least one driver is required; vehicle.currentValue: Vehicle current value is required; deductible: Deductible is required; vehicle.make: Vehicle make is required; ","timestamp":1755191866081,"errorCode":"VALIDATION_ERROR"}
  ✓ Standardized error format
  ✓ No internal implementation details exposed
]]></system-out>
  </testcase>
  <testcase name="should_ValidateStateSpecificInsuranceRequirements" classname="com.autoinsurance.compliance.ComplianceAndAuditTest" time="0.009">
    <system-out><![CDATA[2025-08-14 22:47:46 - Securing POST /api/v1/quotes
2025-08-14 22:47:46 - Secured POST /api/v1/quotes
2025-08-14 22:47:46 - Mapped to com.autoinsurance.quote.controller.QuoteController#createQuote(QuoteRequestDto)
2025-08-14 22:47:46 - Read "application/json;charset=UTF-8" to [com.autoinsurance.quote.dto.QuoteRequestDto@1475af2c]
2025-08-14 22:47:46 - Creating new quote request
2025-08-14 22:47:46 - Starting quote generation process
2025-08-14 22:47:46 - Starting validation for quote request
2025-08-14 22:47:46 - Vehicle validation completed for VIN: 1HGFC2F53JA123456
2025-08-14 22:47:46 - Driver validation completed for: Test Driver
2025-08-14 22:47:46 - Quote request validation completed successfully
2025-08-14 22:47:46 - Quote validation successful for vehicle VIN: 1HGFC2F53JA123456 and primary driver: Test Driver
2025-08-14 22:47:46 - Calculating base premium for coverage amount: 25000.00
2025-08-14 22:47:46 - Calculating discounts for quote request
2025-08-14 22:47:46 - Calculating base premium for coverage amount: 25000.00
2025-08-14 22:47:46 - Total discount applied: 0% ($0.00) for quote
2025-08-14 22:47:46 - 
    select
        q1_0.id,
        q1_0.coverage_amount,
        q1_0.created_at,
        q1_0.deductible,
        q1_0.monthly_premium,
        q1_0.premium,
        q1_0.primary_driver_license,
        q1_0.primary_driver_name,
        q1_0.valid_until,
        q1_0.vehicle_current_value,
        q1_0.vehicle_make,
        q1_0.vehicle_model,
        q1_0.vehicle_vin,
        q1_0.vehicle_year 
    from
        quotes q1_0 
    where
        q1_0.id=?
2025-08-14 22:47:46 - 
    insert 
    into
        quotes
        (coverage_amount, created_at, deductible, monthly_premium, premium, primary_driver_license, primary_driver_name, valid_until, vehicle_current_value, vehicle_make, vehicle_model, vehicle_vin, vehicle_year, id) 
    values
        (?, ?, ?, ?, ?, ?, ?, ?, ?, ?, ?, ?, ?, ?)
2025-08-14 22:47:46 - Quote successfully generated with ID: 8af8e742-4f91-43a8-90d0-48a9d448d28a, premium: 130.63, VIN: 1HGFC2F53JA123456
2025-08-14 22:47:46 - Quote created with ID: 8af8e742-4f91-43a8-90d0-48a9d448d28a and premium: 130.63
2025-08-14 22:47:46 - Using 'application/json', given [*/*] and supported [application/json]
2025-08-14 22:47:46 - Writing [com.autoinsurance.quote.dto.QuoteResponseDto@6fca71cc]
2025-08-14 22:47:46 - Set SecurityContextHolder to anonymous SecurityContext
State Compliance Check - CA:
  Minimum Coverage: $25000.00
  Quote Premium: $130.63
  ✓ State requirements validated
2025-08-14 22:47:46 - Securing POST /api/v1/quotes
2025-08-14 22:47:46 - Secured POST /api/v1/quotes
2025-08-14 22:47:46 - Mapped to com.autoinsurance.quote.controller.QuoteController#createQuote(QuoteRequestDto)
2025-08-14 22:47:46 - Read "application/json;charset=UTF-8" to [com.autoinsurance.quote.dto.QuoteRequestDto@10059deb]
2025-08-14 22:47:46 - Creating new quote request
2025-08-14 22:47:46 - Starting quote generation process
2025-08-14 22:47:46 - Starting validation for quote request
2025-08-14 22:47:46 - Vehicle validation completed for VIN: 1HGFC2F53JA123456
2025-08-14 22:47:46 - Driver validation completed for: Test Driver
2025-08-14 22:47:46 - Quote request validation completed successfully
2025-08-14 22:47:46 - Quote validation successful for vehicle VIN: 1HGFC2F53JA123456 and primary driver: Test Driver
2025-08-14 22:47:46 - Calculating base premium for coverage amount: 25000.00
2025-08-14 22:47:46 - Calculating discounts for quote request
2025-08-14 22:47:46 - Calculating base premium for coverage amount: 25000.00
2025-08-14 22:47:46 - Total discount applied: 0% ($0.00) for quote
2025-08-14 22:47:46 - 
    select
        q1_0.id,
        q1_0.coverage_amount,
        q1_0.created_at,
        q1_0.deductible,
        q1_0.monthly_premium,
        q1_0.premium,
        q1_0.primary_driver_license,
        q1_0.primary_driver_name,
        q1_0.valid_until,
        q1_0.vehicle_current_value,
        q1_0.vehicle_make,
        q1_0.vehicle_model,
        q1_0.vehicle_vin,
        q1_0.vehicle_year 
    from
        quotes q1_0 
    where
        q1_0.id=?
2025-08-14 22:47:46 - 
    insert 
    into
        quotes
        (coverage_amount, created_at, deductible, monthly_premium, premium, primary_driver_license, primary_driver_name, valid_until, vehicle_current_value, vehicle_make, vehicle_model, vehicle_vin, vehicle_year, id) 
    values
        (?, ?, ?, ?, ?, ?, ?, ?, ?, ?, ?, ?, ?, ?)
2025-08-14 22:47:46 - Quote successfully generated with ID: a6e4adbd-bde3-4157-9152-8a10eddf7c9a, premium: 130.63, VIN: 1HGFC2F53JA123456
2025-08-14 22:47:46 - Quote created with ID: a6e4adbd-bde3-4157-9152-8a10eddf7c9a and premium: 130.63
2025-08-14 22:47:46 - Using 'application/json', given [*/*] and supported [application/json]
2025-08-14 22:47:46 - Writing [com.autoinsurance.quote.dto.QuoteResponseDto@7c92e5ea]
2025-08-14 22:47:46 - Set SecurityContextHolder to anonymous SecurityContext
State Compliance Check - NY:
  Minimum Coverage: $25000.00
  Quote Premium: $130.63
  ✓ State requirements validated
2025-08-14 22:47:46 - Securing POST /api/v1/quotes
2025-08-14 22:47:46 - Secured POST /api/v1/quotes
2025-08-14 22:47:46 - Mapped to com.autoinsurance.quote.controller.QuoteController#createQuote(QuoteRequestDto)
2025-08-14 22:47:46 - Read "application/json;charset=UTF-8" to [com.autoinsurance.quote.dto.QuoteRequestDto@9bb07b3]
2025-08-14 22:47:46 - Creating new quote request
2025-08-14 22:47:46 - Starting quote generation process
2025-08-14 22:47:46 - Starting validation for quote request
2025-08-14 22:47:46 - Vehicle validation completed for VIN: 1HGFC2F53JA123456
2025-08-14 22:47:46 - Driver validation completed for: Test Driver
2025-08-14 22:47:46 - Quote request validation completed successfully
2025-08-14 22:47:46 - Quote validation successful for vehicle VIN: 1HGFC2F53JA123456 and primary driver: Test Driver
2025-08-14 22:47:46 - Calculating base premium for coverage amount: 30000.00
2025-08-14 22:47:46 - Calculating discounts for quote request
2025-08-14 22:47:46 - Calculating base premium for coverage amount: 30000.00
2025-08-14 22:47:46 - Total discount applied: 0% ($0.00) for quote
2025-08-14 22:47:46 - 
    select
        q1_0.id,
        q1_0.coverage_amount,
        q1_0.created_at,
        q1_0.deductible,
        q1_0.monthly_premium,
        q1_0.premium,
        q1_0.primary_driver_license,
        q1_0.primary_driver_name,
        q1_0.valid_until,
        q1_0.vehicle_current_value,
        q1_0.vehicle_make,
        q1_0.vehicle_model,
        q1_0.vehicle_vin,
        q1_0.vehicle_year 
    from
        quotes q1_0 
    where
        q1_0.id=?
2025-08-14 22:47:46 - 
    insert 
    into
        quotes
        (coverage_amount, created_at, deductible, monthly_premium, premium, primary_driver_license, primary_driver_name, valid_until, vehicle_current_value, vehicle_make, vehicle_model, vehicle_vin, vehicle_year, id) 
    values
        (?, ?, ?, ?, ?, ?, ?, ?, ?, ?, ?, ?, ?, ?)
2025-08-14 22:47:46 - Quote successfully generated with ID: 07b0de8b-edc7-4241-b1cd-ef19dd84b3ac, premium: 156.75, VIN: 1HGFC2F53JA123456
2025-08-14 22:47:46 - Quote created with ID: 07b0de8b-edc7-4241-b1cd-ef19dd84b3ac and premium: 156.75
2025-08-14 22:47:46 - Using 'application/json', given [*/*] and supported [application/json]
2025-08-14 22:47:46 - Writing [com.autoinsurance.quote.dto.QuoteResponseDto@75e8f112]
2025-08-14 22:47:46 - Set SecurityContextHolder to anonymous SecurityContext
State Compliance Check - TX:
  Minimum Coverage: $30000.00
  Quote Premium: $156.75
  ✓ State requirements validated
2025-08-14 22:47:46 - Securing POST /api/v1/quotes
2025-08-14 22:47:46 - Secured POST /api/v1/quotes
2025-08-14 22:47:46 - Mapped to com.autoinsurance.quote.controller.QuoteController#createQuote(QuoteRequestDto)
2025-08-14 22:47:46 - Read "application/json;charset=UTF-8" to [com.autoinsurance.quote.dto.QuoteRequestDto@70a0827]
2025-08-14 22:47:46 - Creating new quote request
2025-08-14 22:47:46 - Starting quote generation process
2025-08-14 22:47:46 - Starting validation for quote request
2025-08-14 22:47:46 - Vehicle validation completed for VIN: 1HGFC2F53JA123456
2025-08-14 22:47:46 - Driver validation completed for: Test Driver
2025-08-14 22:47:46 - Quote request validation completed successfully
2025-08-14 22:47:46 - Quote validation successful for vehicle VIN: 1HGFC2F53JA123456 and primary driver: Test Driver
2025-08-14 22:47:46 - Calculating base premium for coverage amount: 25000.00
2025-08-14 22:47:46 - Calculating discounts for quote request
2025-08-14 22:47:46 - Calculating base premium for coverage amount: 25000.00
2025-08-14 22:47:46 - Total discount applied: 0% ($0.00) for quote
2025-08-14 22:47:46 - 
    select
        q1_0.id,
        q1_0.coverage_amount,
        q1_0.created_at,
        q1_0.deductible,
        q1_0.monthly_premium,
        q1_0.premium,
        q1_0.primary_driver_license,
        q1_0.primary_driver_name,
        q1_0.valid_until,
        q1_0.vehicle_current_value,
        q1_0.vehicle_make,
        q1_0.vehicle_model,
        q1_0.vehicle_vin,
        q1_0.vehicle_year 
    from
        quotes q1_0 
    where
        q1_0.id=?
2025-08-14 22:47:46 - 
    insert 
    into
        quotes
        (coverage_amount, created_at, deductible, monthly_premium, premium, primary_driver_license, primary_driver_name, valid_until, vehicle_current_value, vehicle_make, vehicle_model, vehicle_vin, vehicle_year, id) 
    values
        (?, ?, ?, ?, ?, ?, ?, ?, ?, ?, ?, ?, ?, ?)
2025-08-14 22:47:46 - Quote successfully generated with ID: eefcc0bc-2e7e-4aea-8192-43d71525fa6e, premium: 130.63, VIN: 1HGFC2F53JA123456
2025-08-14 22:47:46 - Quote created with ID: eefcc0bc-2e7e-4aea-8192-43d71525fa6e and premium: 130.63
2025-08-14 22:47:46 - Using 'application/json', given [*/*] and supported [application/json]
2025-08-14 22:47:46 - Writing [com.autoinsurance.quote.dto.QuoteResponseDto@30c81ff2]
2025-08-14 22:47:46 - Set SecurityContextHolder to anonymous SecurityContext
State Compliance Check - FL:
  Minimum Coverage: $25000.00
  Quote Premium: $130.63
  ✓ State requirements validated
]]></system-out>
  </testcase>
  <testcase name="should_MaintainDataPrivacyByNotExposingSensitiveDriverInformation" classname="com.autoinsurance.compliance.ComplianceAndAuditTest" time="0.003">
    <system-out><![CDATA[2025-08-14 22:47:46 - Securing POST /api/v1/quotes
2025-08-14 22:47:46 - Secured POST /api/v1/quotes
2025-08-14 22:47:46 - Mapped to com.autoinsurance.quote.controller.QuoteController#createQuote(QuoteRequestDto)
2025-08-14 22:47:46 - Read "application/json;charset=UTF-8" to [com.autoinsurance.quote.dto.QuoteRequestDto@52aebb2f]
2025-08-14 22:47:46 - Creating new quote request
2025-08-14 22:47:46 - Starting quote generation process
2025-08-14 22:47:46 - Starting validation for quote request
2025-08-14 22:47:46 - Vehicle validation completed for VIN: 1HGFC2F53JA123456
2025-08-14 22:47:46 - Driver validation completed for: John Doe
2025-08-14 22:47:46 - Quote request validation completed successfully
2025-08-14 22:47:46 - Quote validation successful for vehicle VIN: 1HGFC2F53JA123456 and primary driver: John Doe
2025-08-14 22:47:46 - Calculating base premium for coverage amount: 100000.00
2025-08-14 22:47:46 - Calculating discounts for quote request
2025-08-14 22:47:46 - Calculating base premium for coverage amount: 100000.00
2025-08-14 22:47:46 - Applied safe driver discount for driver: John
2025-08-14 22:47:46 - Total discount applied: 15.00% ($78.3750) for quote
2025-08-14 22:47:46 - 
    select
        q1_0.id,
        q1_0.coverage_amount,
        q1_0.created_at,
        q1_0.deductible,
        q1_0.monthly_premium,
        q1_0.premium,
        q1_0.primary_driver_license,
        q1_0.primary_driver_name,
        q1_0.valid_until,
        q1_0.vehicle_current_value,
        q1_0.vehicle_make,
        q1_0.vehicle_model,
        q1_0.vehicle_vin,
        q1_0.vehicle_year 
    from
        quotes q1_0 
    where
        q1_0.id=?
2025-08-14 22:47:46 - 
    insert 
    into
        quotes
        (coverage_amount, created_at, deductible, monthly_premium, premium, primary_driver_license, primary_driver_name, valid_until, vehicle_current_value, vehicle_make, vehicle_model, vehicle_vin, vehicle_year, id) 
    values
        (?, ?, ?, ?, ?, ?, ?, ?, ?, ?, ?, ?, ?, ?)
2025-08-14 22:47:46 - 
    insert 
    into
        quote_discounts
        (quote_id, discount_description) 
    values
        (?, ?)
2025-08-14 22:47:46 - Quote successfully generated with ID: 0c685ffb-1e47-4c5f-9dc3-0b6d07f0c847, premium: 444.12, VIN: 1HGFC2F53JA123456
2025-08-14 22:47:46 - Quote created with ID: 0c685ffb-1e47-4c5f-9dc3-0b6d07f0c847 and premium: 444.12
2025-08-14 22:47:46 - Using 'application/json', given [*/*] and supported [application/json]
2025-08-14 22:47:46 - Writing [com.autoinsurance.quote.dto.QuoteResponseDto@6ef83ad3]
2025-08-14 22:47:46 - Set SecurityContextHolder to anonymous SecurityContext
Data Privacy Compliance Check:
  Quote Response: {"quoteId":"0c685ffb-1e47-4c5f-9dc3-0b6d07f0c847","premium":444.12,"monthlyPremium":37.01,"coverageAmount":100000.00,"deductible":1000.00,"validUntil":"2025-09-13","discountsApplied":["Safe Driver Discount - 15%"]}
  ✓ PII not exposed in API response
  ✓ Only business-relevant quote data returned
]]></system-out>
  </testcase>
  <testcase name="should_ComplyWithInsuranceRateCalculationTransparencyRequirements" classname="com.autoinsurance.compliance.ComplianceAndAuditTest" time="0.004">
    <system-out><![CDATA[2025-08-14 22:47:46 - Securing POST /api/v1/quotes
2025-08-14 22:47:46 - Secured POST /api/v1/quotes
2025-08-14 22:47:46 - Mapped to com.autoinsurance.quote.controller.QuoteController#createQuote(QuoteRequestDto)
2025-08-14 22:47:46 - Read "application/json;charset=UTF-8" to [com.autoinsurance.quote.dto.QuoteRequestDto@10502228]
2025-08-14 22:47:46 - Creating new quote request
2025-08-14 22:47:46 - Starting quote generation process
2025-08-14 22:47:46 - Starting validation for quote request
2025-08-14 22:47:46 - Vehicle validation completed for VIN: 1HGFC2F53JA123456
2025-08-14 22:47:46 - Driver validation completed for: Young Driver
2025-08-14 22:47:46 - Quote request validation completed successfully
2025-08-14 22:47:46 - Quote validation successful for vehicle VIN: 1HGFC2F53JA123456 and primary driver: Young Driver
2025-08-14 22:47:46 - Calculating base premium for coverage amount: 100000.00
2025-08-14 22:47:46 - Calculating discounts for quote request
2025-08-14 22:47:46 - Calculating base premium for coverage amount: 100000.00
2025-08-14 22:47:46 - Total discount applied: 0% ($0.00) for quote
2025-08-14 22:47:46 - 
    select
        q1_0.id,
        q1_0.coverage_amount,
        q1_0.created_at,
        q1_0.deductible,
        q1_0.monthly_premium,
        q1_0.premium,
        q1_0.primary_driver_license,
        q1_0.primary_driver_name,
        q1_0.valid_until,
        q1_0.vehicle_current_value,
        q1_0.vehicle_make,
        q1_0.vehicle_model,
        q1_0.vehicle_vin,
        q1_0.vehicle_year 
    from
        quotes q1_0 
    where
        q1_0.id=?
2025-08-14 22:47:46 - 
    insert 
    into
        quotes
        (coverage_amount, created_at, deductible, monthly_premium, premium, primary_driver_license, primary_driver_name, valid_until, vehicle_current_value, vehicle_make, vehicle_model, vehicle_vin, vehicle_year, id) 
    values
        (?, ?, ?, ?, ?, ?, ?, ?, ?, ?, ?, ?, ?, ?)
2025-08-14 22:47:46 - Quote successfully generated with ID: 0ba1645c-fc41-44ea-a67c-e1fd87ec3f83, premium: 825.00, VIN: 1HGFC2F53JA123456
2025-08-14 22:47:46 - Quote created with ID: 0ba1645c-fc41-44ea-a67c-e1fd87ec3f83 and premium: 825.00
2025-08-14 22:47:46 - Using 'application/json', given [*/*] and supported [application/json]
2025-08-14 22:47:46 - Writing [com.autoinsurance.quote.dto.QuoteResponseDto@4e33ee2c]
2025-08-14 22:47:46 - Set SecurityContextHolder to anonymous SecurityContext
2025-08-14 22:47:46 - Securing POST /api/v1/quotes
2025-08-14 22:47:46 - Secured POST /api/v1/quotes
2025-08-14 22:47:46 - Mapped to com.autoinsurance.quote.controller.QuoteController#createQuote(QuoteRequestDto)
2025-08-14 22:47:46 - Read "application/json;charset=UTF-8" to [com.autoinsurance.quote.dto.QuoteRequestDto@4b2bce2]
2025-08-14 22:47:46 - Creating new quote request
2025-08-14 22:47:46 - Starting quote generation process
2025-08-14 22:47:46 - Starting validation for quote request
2025-08-14 22:47:46 - Vehicle validation completed for VIN: 1HGFC2F53JA123456
2025-08-14 22:47:46 - Driver validation completed for: Safe Driver
2025-08-14 22:47:46 - Quote request validation completed successfully
2025-08-14 22:47:46 - Quote validation successful for vehicle VIN: 1HGFC2F53JA123456 and primary driver: Safe Driver
2025-08-14 22:47:46 - Calculating base premium for coverage amount: 100000.00
2025-08-14 22:47:46 - Calculating discounts for quote request
2025-08-14 22:47:46 - Calculating base premium for coverage amount: 100000.00
2025-08-14 22:47:46 - Applied safe driver discount for driver: Safe
2025-08-14 22:47:46 - Applied multi-policy discount for driver: Safe
2025-08-14 22:47:46 - Total discount applied: 25.00% ($130.6250) for quote
2025-08-14 22:47:46 - 
    select
        q1_0.id,
        q1_0.coverage_amount,
        q1_0.created_at,
        q1_0.deductible,
        q1_0.monthly_premium,
        q1_0.premium,
        q1_0.primary_driver_license,
        q1_0.primary_driver_name,
        q1_0.valid_until,
        q1_0.vehicle_current_value,
        q1_0.vehicle_make,
        q1_0.vehicle_model,
        q1_0.vehicle_vin,
        q1_0.vehicle_year 
    from
        quotes q1_0 
    where
        q1_0.id=?
2025-08-14 22:47:46 - 
    insert 
    into
        quotes
        (coverage_amount, created_at, deductible, monthly_premium, premium, primary_driver_license, primary_driver_name, valid_until, vehicle_current_value, vehicle_make, vehicle_model, vehicle_vin, vehicle_year, id) 
    values
        (?, ?, ?, ?, ?, ?, ?, ?, ?, ?, ?, ?, ?, ?)
2025-08-14 22:47:46 - 
    insert 
    into
        quote_discounts
        (quote_id, discount_description) 
    values
        (?, ?)
2025-08-14 22:47:46 - 
    insert 
    into
        quote_discounts
        (quote_id, discount_description) 
    values
        (?, ?)
2025-08-14 22:47:46 - Quote successfully generated with ID: 4c99da06-89a2-4252-bad7-b99f14784f84, premium: 391.87, VIN: 1HGFC2F53JA123456
2025-08-14 22:47:46 - Quote created with ID: 4c99da06-89a2-4252-bad7-b99f14784f84 and premium: 391.87
2025-08-14 22:47:46 - Using 'application/json', given [*/*] and supported [application/json]
2025-08-14 22:47:46 - Writing [com.autoinsurance.quote.dto.QuoteResponseDto@7a1ba0cf]
2025-08-14 22:47:46 - Set SecurityContextHolder to anonymous SecurityContext
Rate Calculation Transparency:
  Young Driver Premium: $825.00
  Safe Driver Premium: $391.87
  Premium Difference: $433.13
  Percentage Difference: 110.5300%
  Applied Discounts: [Safe Driver Discount - 15%, Multi-Policy Discount - 10%]
  ✓ Discount transparency provided
  ✓ Rate calculation differences justified by risk factors
]]></system-out>
  </testcase>
  <testcase name="should_EnsureFinancialDataAccuracyAndPrecision" classname="com.autoinsurance.compliance.ComplianceAndAuditTest" time="0.003">
    <system-out><![CDATA[2025-08-14 22:47:46 - Securing POST /api/v1/quotes
2025-08-14 22:47:46 - Secured POST /api/v1/quotes
2025-08-14 22:47:46 - Mapped to com.autoinsurance.quote.controller.QuoteController#createQuote(QuoteRequestDto)
2025-08-14 22:47:46 - Read "application/json;charset=UTF-8" to [com.autoinsurance.quote.dto.QuoteRequestDto@4d759b3b]
2025-08-14 22:47:46 - Creating new quote request
2025-08-14 22:47:46 - Starting quote generation process
2025-08-14 22:47:46 - Starting validation for quote request
2025-08-14 22:47:46 - Vehicle validation completed for VIN: 1HGFC2F53JA123456
2025-08-14 22:47:46 - Driver validation completed for: John Doe
2025-08-14 22:47:46 - Quote request validation completed successfully
2025-08-14 22:47:46 - Quote validation successful for vehicle VIN: 1HGFC2F53JA123456 and primary driver: John Doe
2025-08-14 22:47:46 - Calculating base premium for coverage amount: 100000.00
2025-08-14 22:47:46 - Calculating discounts for quote request
2025-08-14 22:47:46 - Calculating base premium for coverage amount: 100000.00
2025-08-14 22:47:46 - Applied safe driver discount for driver: John
2025-08-14 22:47:46 - Total discount applied: 15.00% ($78.3750) for quote
2025-08-14 22:47:46 - 
    select
        q1_0.id,
        q1_0.coverage_amount,
        q1_0.created_at,
        q1_0.deductible,
        q1_0.monthly_premium,
        q1_0.premium,
        q1_0.primary_driver_license,
        q1_0.primary_driver_name,
        q1_0.valid_until,
        q1_0.vehicle_current_value,
        q1_0.vehicle_make,
        q1_0.vehicle_model,
        q1_0.vehicle_vin,
        q1_0.vehicle_year 
    from
        quotes q1_0 
    where
        q1_0.id=?
2025-08-14 22:47:46 - 
    insert 
    into
        quotes
        (coverage_amount, created_at, deductible, monthly_premium, premium, primary_driver_license, primary_driver_name, valid_until, vehicle_current_value, vehicle_make, vehicle_model, vehicle_vin, vehicle_year, id) 
    values
        (?, ?, ?, ?, ?, ?, ?, ?, ?, ?, ?, ?, ?, ?)
2025-08-14 22:47:46 - 
    insert 
    into
        quote_discounts
        (quote_id, discount_description) 
    values
        (?, ?)
2025-08-14 22:47:46 - Quote successfully generated with ID: 3e78dd84-7bf6-4465-91f4-13e97db88abc, premium: 444.12, VIN: 1HGFC2F53JA123456
2025-08-14 22:47:46 - Quote created with ID: 3e78dd84-7bf6-4465-91f4-13e97db88abc and premium: 444.12
2025-08-14 22:47:46 - Using 'application/json', given [*/*] and supported [application/json]
2025-08-14 22:47:46 - Writing [com.autoinsurance.quote.dto.QuoteResponseDto@3acac505]
2025-08-14 22:47:46 - Set SecurityContextHolder to anonymous SecurityContext
Financial Data Accuracy Check:
  Premium: $444.12
  Monthly Premium: $37.01
  Coverage Amount: $100000.00
  Deductible: $1000.00
  ✓ Premium precision compliant (2 decimal places)
  ✓ Monthly premium calculation accurate
  ✓ Coverage and deductible values preserved exactly
]]></system-out>
  </testcase>
  <testcase name="should_GenerateProperAuditTrailsForQuoteGeneration" classname="com.autoinsurance.compliance.ComplianceAndAuditTest" time="0.004">
    <system-out><![CDATA[2025-08-14 22:47:46 - Securing POST /api/v1/quotes
2025-08-14 22:47:46 - Secured POST /api/v1/quotes
2025-08-14 22:47:46 - Mapped to com.autoinsurance.quote.controller.QuoteController#createQuote(QuoteRequestDto)
2025-08-14 22:47:46 - Read "application/json;charset=UTF-8" to [com.autoinsurance.quote.dto.QuoteRequestDto@3696c204]
2025-08-14 22:47:46 - Creating new quote request
2025-08-14 22:47:46 - Starting quote generation process
2025-08-14 22:47:46 - Starting validation for quote request
2025-08-14 22:47:46 - Vehicle validation completed for VIN: 1HGFC2F53JA123456
2025-08-14 22:47:46 - Driver validation completed for: John Doe
2025-08-14 22:47:46 - Quote request validation completed successfully
2025-08-14 22:47:46 - Quote validation successful for vehicle VIN: 1HGFC2F53JA123456 and primary driver: John Doe
2025-08-14 22:47:46 - Calculating base premium for coverage amount: 100000.00
2025-08-14 22:47:46 - Calculating discounts for quote request
2025-08-14 22:47:46 - Calculating base premium for coverage amount: 100000.00
2025-08-14 22:47:46 - Applied safe driver discount for driver: John
2025-08-14 22:47:46 - Total discount applied: 15.00% ($78.3750) for quote
2025-08-14 22:47:46 - 
    select
        q1_0.id,
        q1_0.coverage_amount,
        q1_0.created_at,
        q1_0.deductible,
        q1_0.monthly_premium,
        q1_0.premium,
        q1_0.primary_driver_license,
        q1_0.primary_driver_name,
        q1_0.valid_until,
        q1_0.vehicle_current_value,
        q1_0.vehicle_make,
        q1_0.vehicle_model,
        q1_0.vehicle_vin,
        q1_0.vehicle_year 
    from
        quotes q1_0 
    where
        q1_0.id=?
2025-08-14 22:47:46 - 
    insert 
    into
        quotes
        (coverage_amount, created_at, deductible, monthly_premium, premium, primary_driver_license, primary_driver_name, valid_until, vehicle_current_value, vehicle_make, vehicle_model, vehicle_vin, vehicle_year, id) 
    values
        (?, ?, ?, ?, ?, ?, ?, ?, ?, ?, ?, ?, ?, ?)
2025-08-14 22:47:46 - 
    insert 
    into
        quote_discounts
        (quote_id, discount_description) 
    values
        (?, ?)
2025-08-14 22:47:46 - Quote successfully generated with ID: bfa82c55-16c7-4719-8757-d402ca5efb85, premium: 444.12, VIN: 1HGFC2F53JA123456
2025-08-14 22:47:46 - Quote created with ID: bfa82c55-16c7-4719-8757-d402ca5efb85 and premium: 444.12
2025-08-14 22:47:46 - Using 'application/json', given [*/*] and supported [application/json]
2025-08-14 22:47:46 - Writing [com.autoinsurance.quote.dto.QuoteResponseDto@1b99fdf9]
2025-08-14 22:47:46 - Set SecurityContextHolder to anonymous SecurityContext
2025-08-14 22:47:46 - Securing GET /api/v1/quotes/bfa82c55-16c7-4719-8757-d402ca5efb85
2025-08-14 22:47:46 - Secured GET /api/v1/quotes/bfa82c55-16c7-4719-8757-d402ca5efb85
2025-08-14 22:47:46 - Mapped to com.autoinsurance.quote.controller.QuoteController#getQuote(String)
2025-08-14 22:47:46 - Retrieving quote with ID: bfa82c55-16c7-4719-8757-d402ca5efb85
2025-08-14 22:47:46 - Retrieving quote with ID: bfa82c55-16c7-4719-8757-d402ca5efb85
2025-08-14 22:47:46 - 
    select
        q1_0.id,
        q1_0.coverage_amount,
        q1_0.created_at,
        q1_0.deductible,
        q1_0.monthly_premium,
        q1_0.premium,
        q1_0.primary_driver_license,
        q1_0.primary_driver_name,
        q1_0.valid_until,
        q1_0.vehicle_current_value,
        q1_0.vehicle_make,
        q1_0.vehicle_model,
        q1_0.vehicle_vin,
        q1_0.vehicle_year 
    from
        quotes q1_0 
    where
        q1_0.id=?
2025-08-14 22:47:46 - Quote retrieved successfully for ID: bfa82c55-16c7-4719-8757-d402ca5efb85
2025-08-14 22:47:46 - Using 'application/json', given [application/json] and supported [application/json]
2025-08-14 22:47:46 - Writing [com.autoinsurance.quote.dto.QuoteResponseDto@6a02905e]
2025-08-14 22:47:46 - 
    select
        da1_0.quote_id,
        da1_0.discount_description 
    from
        quote_discounts da1_0 
    where
        da1_0.quote_id=?
2025-08-14 22:47:46 - Set SecurityContextHolder to anonymous SecurityContext
Audit Trail Compliance:
  ✓ Quote generation event logged
  ✓ Quote retrieval event logged
  ✓ Quote ID trackable: bfa82c55-16c7-4719-8757-d402ca5efb85
]]></system-out>
  </testcase>
</testsuite>